# JRE version: Java(TM) SE Runtime Environment (13.0+33) (build 13+33)
# Java VM: Java HotSpot(TM) 64-Bit Server VM (13+33, mixed mode, sharing, tiered, compressed oops, g1 gc, windows-amd64)
Heap:
 garbage-first heap   total 262144K, used 145727K [0x0000000701400000, 0x0000000800000000)
  region size 1024K, 104 young (106496K), 4 survivors (4096K)
 Metaspace       used 9399K, capacity 9668K, committed 9856K, reserved 1058816K
  class space    used 910K, capacity 1042K, committed 1152K, reserved 1048576K
GC Heap History (20 events):
Event: 3.788 GC heap before
{Heap before GC invocations=3 (full 0):
 garbage-first heap   total 262144K, used 52012K [0x0000000701400000, 0x0000000800000000)
  region size 1024K, 12 young (12288K), 1 survivors (1024K)
 Metaspace       used 9032K, capacity 9315K, committed 9472K, reserved 1058816K
  class space    used 883K, capacity 1010K, committed 1024K, reserved 1048576K
}
Event: 3.789 GC heap after
{Heap after GC invocations=4 (full 0):
 garbage-first heap   total 262144K, used 40613K [0x0000000701400000, 0x0000000800000000)
  region size 1024K, 1 young (1024K), 1 survivors (1024K)
 Metaspace       used 9032K, capacity 9315K, committed 9472K, reserved 1058816K
  class space    used 883K, capacity 1010K, committed 1024K, reserved 1048576K
}
Event: 6.916 GC heap before
{Heap before GC invocations=4 (full 0):
 garbage-first heap   total 262144K, used 75429K [0x0000000701400000, 0x0000000800000000)
  region size 1024K, 35 young (35840K), 1 survivors (1024K)
 Metaspace       used 9253K, capacity 9508K, committed 9728K, reserved 1058816K
  class space    used 903K, capacity 1010K, committed 1024K, reserved 1048576K
}
Event: 6.916 GC heap after
{Heap after GC invocations=5 (full 0):
 garbage-first heap   total 262144K, used 40637K [0x0000000701400000, 0x0000000800000000)
  region size 1024K, 1 young (1024K), 1 survivors (1024K)
 Metaspace       used 9253K, capacity 9508K, committed 9728K, reserved 1058816K
  class space    used 903K, capacity 1010K, committed 1024K, reserved 1048576K
}
Event: 14.041 GC heap before
{Heap before GC invocations=5 (full 0):
 garbage-first heap   total 262144K, used 163517K [0x0000000701400000, 0x0000000800000000)
  region size 1024K, 121 young (123904K), 1 survivors (1024K)
 Metaspace       used 9319K, capacity 9572K, committed 9728K, reserved 1058816K
  class space    used 905K, capacity 1010K, committed 1024K, reserved 1048576K
}
Event: 14.042 GC heap after
{Heap after GC invocations=6 (full 0):
 garbage-first heap   total 262144K, used 41316K [0x0000000701400000, 0x0000000800000000)
  region size 1024K, 1 young (1024K), 1 survivors (1024K)
 Metaspace       used 9319K, capacity 9572K, committed 9728K, reserved 1058816K
  class space    used 905K, capacity 1010K, committed 1024K, reserved 1048576K
}
Event: 24.736 GC heap before
{Heap before GC invocations=6 (full 0):
 garbage-first heap   total 262144K, used 189796K [0x0000000701400000, 0x0000000800000000)
  region size 1024K, 147 young (150528K), 1 survivors (1024K)
 Metaspace       used 9328K, capacity 9572K, committed 9728K, reserved 1058816K
  class space    used 905K, capacity 1010K, committed 1024K, reserved 1048576K
}
Event: 24.737 GC heap after
{Heap after GC invocations=7 (full 0):
 garbage-first heap   total 262144K, used 41358K [0x0000000701400000, 0x0000000800000000)
  region size 1024K, 1 young (1024K), 1 survivors (1024K)
 Metaspace       used 9328K, capacity 9572K, committed 9728K, reserved 1058816K
  class space    used 905K, capacity 1010K, committed 1024K, reserved 1048576K
}
Event: 39.280 GC heap before
{Heap before GC invocations=7 (full 0):
 garbage-first heap   total 262144K, used 197006K [0x0000000701400000, 0x0000000800000000)
  region size 1024K, 154 young (157696K), 1 survivors (1024K)
 Metaspace       used 9335K, capacity 9572K, committed 9728K, reserved 1058816K
  class space    used 906K, capacity 1010K, committed 1024K, reserved 1048576K
}
Event: 39.281 GC heap after
{Heap after GC invocations=8 (full 0):
 garbage-first heap   total 262144K, used 41491K [0x0000000701400000, 0x0000000800000000)
  region size 1024K, 2 young (2048K), 2 survivors (2048K)
 Metaspace       used 9335K, capacity 9572K, committed 9728K, reserved 1058816K
  class space    used 906K, capacity 1010K, committed 1024K, reserved 1048576K
}
Event: 52.430 GC heap before
{Heap before GC invocations=8 (full 0):
 garbage-first heap   total 262144K, used 196115K [0x0000000701400000, 0x0000000800000000)
  region size 1024K, 154 young (157696K), 2 survivors (2048K)
 Metaspace       used 9349K, capacity 9572K, committed 9728K, reserved 1058816K
  class space    used 906K, capacity 1010K, committed 1024K, reserved 1048576K
}
Event: 52.431 GC heap after
{Heap after GC invocations=9 (full 0):
 garbage-first heap   total 262144K, used 41495K [0x0000000701400000, 0x0000000800000000)
  region size 1024K, 2 young (2048K), 2 survivors (2048K)
 Metaspace       used 9349K, capacity 9572K, committed 9728K, reserved 1058816K
  class space    used 906K, capacity 1010K, committed 1024K, reserved 1048576K
}
Event: 67.029 GC heap before
{Heap before GC invocations=9 (full 0):
 garbage-first heap   total 262144K, used 196119K [0x0000000701400000, 0x0000000800000000)
  region size 1024K, 153 young (156672K), 2 survivors (2048K)
 Metaspace       used 9349K, capacity 9572K, committed 9728K, reserved 1058816K
  class space    used 906K, capacity 1010K, committed 1024K, reserved 1048576K
}
Event: 67.029 GC heap after
{Heap after GC invocations=10 (full 0):
 garbage-first heap   total 262144K, used 41528K [0x0000000701400000, 0x0000000800000000)
  region size 1024K, 2 young (2048K), 2 survivors (2048K)
 Metaspace       used 9349K, capacity 9572K, committed 9728K, reserved 1058816K
  class space    used 906K, capacity 1010K, committed 1024K, reserved 1048576K
}
Event: 77.212 GC heap before
{Heap before GC invocations=10 (full 0):
 garbage-first heap   total 262144K, used 196152K [0x0000000701400000, 0x0000000800000000)
  region size 1024K, 153 young (156672K), 2 survivors (2048K)
 Metaspace       used 9374K, capacity 9636K, committed 9728K, reserved 1058816K
  class space    used 906K, capacity 1010K, committed 1024K, reserved 1048576K
}
Event: 77.212 GC heap after
{Heap after GC invocations=11 (full 0):
 garbage-first heap   total 262144K, used 42203K [0x0000000701400000, 0x0000000800000000)
  region size 1024K, 2 young (2048K), 2 survivors (2048K)
 Metaspace       used 9374K, capacity 9636K, committed 9728K, reserved 1058816K
  class space    used 906K, capacity 1010K, committed 1024K, reserved 1048576K
}
Event: 86.782 GC heap before
{Heap before GC invocations=11 (full 0):
 garbage-first heap   total 262144K, used 196827K [0x0000000701400000, 0x0000000800000000)
  region size 1024K, 153 young (156672K), 2 survivors (2048K)
 Metaspace       used 9377K, capacity 9636K, committed 9728K, reserved 1058816K
  class space    used 906K, capacity 1010K, committed 1024K, reserved 1048576K
}
Event: 86.784 GC heap after
{Heap after GC invocations=12 (full 0):
 garbage-first heap   total 262144K, used 43385K [0x0000000701400000, 0x0000000800000000)
  region size 1024K, 3 young (3072K), 3 survivors (3072K)
 Metaspace       used 9377K, capacity 9636K, committed 9728K, reserved 1058816K
  class space    used 906K, capacity 1010K, committed 1024K, reserved 1048576K
}
Event: 99.624 GC heap before
{Heap before GC invocations=12 (full 0):
 garbage-first heap   total 262144K, used 196985K [0x0000000701400000, 0x0000000800000000)
  region size 1024K, 153 young (156672K), 3 survivors (3072K)
 Metaspace       used 9382K, capacity 9636K, committed 9728K, reserved 1058816K
  class space    used 906K, capacity 1010K, committed 1024K, reserved 1048576K
}
Event: 99.625 GC heap after
{Heap after GC invocations=13 (full 0):
 garbage-first heap   total 262144K, used 44351K [0x0000000701400000, 0x0000000800000000)
  region size 1024K, 4 young (4096K), 4 survivors (4096K)
 Metaspace       used 9382K, capacity 9636K, committed 9728K, reserved 1058816K
  class space    used 906K, capacity 1010K, committed 1024K, reserved 1048576K
}

