# JRE version: Java(TM) SE Runtime Environment (13.0+33) (build 13+33)
# Java VM: Java HotSpot(TM) 64-Bit Server VM (13+33, mixed mode, sharing, tiered, compressed oops, g1 gc, windows-amd64)
Heap:
 garbage-first heap   total 262144K, used 21780K [0x0000000701400000, 0x0000000800000000)
  region size 1024K, 2 young (2048K), 1 survivors (1024K)
 Metaspace       used 8990K, capacity 9236K, committed 9472K, reserved 1058816K
  class space    used 833K, capacity 937K, committed 1024K, reserved 1048576K
GC Heap History (20 events):
Event: 802.993 GC heap before
{Heap before GC invocations=53 (full 0):
 garbage-first heap   total 262144K, used 177408K [0x0000000701400000, 0x0000000800000000)
  region size 1024K, 153 young (156672K), 1 survivors (1024K)
 Metaspace       used 8990K, capacity 9236K, committed 9472K, reserved 1058816K
  class space    used 832K, capacity 937K, committed 1024K, reserved 1048576K
}
Event: 802.993 GC heap after
{Heap after GC invocations=54 (full 0):
 garbage-first heap   total 262144K, used 21764K [0x0000000701400000, 0x0000000800000000)
  region size 1024K, 1 young (1024K), 1 survivors (1024K)
 Metaspace       used 8990K, capacity 9236K, committed 9472K, reserved 1058816K
  class space    used 832K, capacity 937K, committed 1024K, reserved 1048576K
}
Event: 816.916 GC heap before
{Heap before GC invocations=54 (full 0):
 garbage-first heap   total 262144K, used 177412K [0x0000000701400000, 0x0000000800000000)
  region size 1024K, 153 young (156672K), 1 survivors (1024K)
 Metaspace       used 8990K, capacity 9236K, committed 9472K, reserved 1058816K
  class space    used 832K, capacity 937K, committed 1024K, reserved 1048576K
}
Event: 816.916 GC heap after
{Heap after GC invocations=55 (full 0):
 garbage-first heap   total 262144K, used 21767K [0x0000000701400000, 0x0000000800000000)
  region size 1024K, 1 young (1024K), 1 survivors (1024K)
 Metaspace       used 8990K, capacity 9236K, committed 9472K, reserved 1058816K
  class space    used 832K, capacity 937K, committed 1024K, reserved 1048576K
}
Event: 831.722 GC heap before
{Heap before GC invocations=55 (full 0):
 garbage-first heap   total 262144K, used 177415K [0x0000000701400000, 0x0000000800000000)
  region size 1024K, 153 young (156672K), 1 survivors (1024K)
 Metaspace       used 8990K, capacity 9236K, committed 9472K, reserved 1058816K
  class space    used 833K, capacity 937K, committed 1024K, reserved 1048576K
}
Event: 831.723 GC heap after
{Heap after GC invocations=56 (full 0):
 garbage-first heap   total 262144K, used 21771K [0x0000000701400000, 0x0000000800000000)
  region size 1024K, 1 young (1024K), 1 survivors (1024K)
 Metaspace       used 8990K, capacity 9236K, committed 9472K, reserved 1058816K
  class space    used 833K, capacity 937K, committed 1024K, reserved 1048576K
}
Event: 844.922 GC heap before
{Heap before GC invocations=56 (full 0):
 garbage-first heap   total 262144K, used 177419K [0x0000000701400000, 0x0000000800000000)
  region size 1024K, 153 young (156672K), 1 survivors (1024K)
 Metaspace       used 8990K, capacity 9236K, committed 9472K, reserved 1058816K
  class space    used 833K, capacity 937K, committed 1024K, reserved 1048576K
}
Event: 844.922 GC heap after
{Heap after GC invocations=57 (full 0):
 garbage-first heap   total 262144K, used 21776K [0x0000000701400000, 0x0000000800000000)
  region size 1024K, 1 young (1024K), 1 survivors (1024K)
 Metaspace       used 8990K, capacity 9236K, committed 9472K, reserved 1058816K
  class space    used 833K, capacity 937K, committed 1024K, reserved 1048576K
}
Event: 858.267 GC heap before
{Heap before GC invocations=57 (full 0):
 garbage-first heap   total 262144K, used 177424K [0x0000000701400000, 0x0000000800000000)
  region size 1024K, 153 young (156672K), 1 survivors (1024K)
 Metaspace       used 8990K, capacity 9236K, committed 9472K, reserved 1058816K
  class space    used 833K, capacity 937K, committed 1024K, reserved 1048576K
}
Event: 858.267 GC heap after
{Heap after GC invocations=58 (full 0):
 garbage-first heap   total 262144K, used 21774K [0x0000000701400000, 0x0000000800000000)
  region size 1024K, 1 young (1024K), 1 survivors (1024K)
 Metaspace       used 8990K, capacity 9236K, committed 9472K, reserved 1058816K
  class space    used 833K, capacity 937K, committed 1024K, reserved 1048576K
}
Event: 871.932 GC heap before
{Heap before GC invocations=58 (full 0):
 garbage-first heap   total 262144K, used 177422K [0x0000000701400000, 0x0000000800000000)
  region size 1024K, 153 young (156672K), 1 survivors (1024K)
 Metaspace       used 8990K, capacity 9236K, committed 9472K, reserved 1058816K
  class space    used 833K, capacity 937K, committed 1024K, reserved 1048576K
}
Event: 871.933 GC heap after
{Heap after GC invocations=59 (full 0):
 garbage-first heap   total 262144K, used 21774K [0x0000000701400000, 0x0000000800000000)
  region size 1024K, 1 young (1024K), 1 survivors (1024K)
 Metaspace       used 8990K, capacity 9236K, committed 9472K, reserved 1058816K
  class space    used 833K, capacity 937K, committed 1024K, reserved 1048576K
}
Event: 886.215 GC heap before
{Heap before GC invocations=59 (full 0):
 garbage-first heap   total 262144K, used 177422K [0x0000000701400000, 0x0000000800000000)
  region size 1024K, 153 young (156672K), 1 survivors (1024K)
 Metaspace       used 8990K, capacity 9236K, committed 9472K, reserved 1058816K
  class space    used 833K, capacity 937K, committed 1024K, reserved 1048576K
}
Event: 886.216 GC heap after
{Heap after GC invocations=60 (full 0):
 garbage-first heap   total 262144K, used 21772K [0x0000000701400000, 0x0000000800000000)
  region size 1024K, 1 young (1024K), 1 survivors (1024K)
 Metaspace       used 8990K, capacity 9236K, committed 9472K, reserved 1058816K
  class space    used 833K, capacity 937K, committed 1024K, reserved 1048576K
}
Event: 900.704 GC heap before
{Heap before GC invocations=60 (full 0):
 garbage-first heap   total 262144K, used 177420K [0x0000000701400000, 0x0000000800000000)
  region size 1024K, 154 young (157696K), 1 survivors (1024K)
 Metaspace       used 8990K, capacity 9236K, committed 9472K, reserved 1058816K
  class space    used 833K, capacity 937K, committed 1024K, reserved 1048576K
}
Event: 900.704 GC heap after
{Heap after GC invocations=61 (full 0):
 garbage-first heap   total 262144K, used 21776K [0x0000000701400000, 0x0000000800000000)
  region size 1024K, 1 young (1024K), 1 survivors (1024K)
 Metaspace       used 8990K, capacity 9236K, committed 9472K, reserved 1058816K
  class space    used 833K, capacity 937K, committed 1024K, reserved 1048576K
}
Event: 914.945 GC heap before
{Heap before GC invocations=61 (full 0):
 garbage-first heap   total 262144K, used 177424K [0x0000000701400000, 0x0000000800000000)
  region size 1024K, 153 young (156672K), 1 survivors (1024K)
 Metaspace       used 8990K, capacity 9236K, committed 9472K, reserved 1058816K
  class space    used 833K, capacity 937K, committed 1024K, reserved 1048576K
}
Event: 914.946 GC heap after
{Heap after GC invocations=62 (full 0):
 garbage-first heap   total 262144K, used 21774K [0x0000000701400000, 0x0000000800000000)
  region size 1024K, 1 young (1024K), 1 survivors (1024K)
 Metaspace       used 8990K, capacity 9236K, committed 9472K, reserved 1058816K
  class space    used 833K, capacity 937K, committed 1024K, reserved 1048576K
}
Event: 928.906 GC heap before
{Heap before GC invocations=62 (full 0):
 garbage-first heap   total 262144K, used 177422K [0x0000000701400000, 0x0000000800000000)
  region size 1024K, 154 young (157696K), 1 survivors (1024K)
 Metaspace       used 8990K, capacity 9236K, committed 9472K, reserved 1058816K
  class space    used 833K, capacity 937K, committed 1024K, reserved 1048576K
}
Event: 928.906 GC heap after
{Heap after GC invocations=63 (full 0):
 garbage-first heap   total 262144K, used 21780K [0x0000000701400000, 0x0000000800000000)
  region size 1024K, 1 young (1024K), 1 survivors (1024K)
 Metaspace       used 8990K, capacity 9236K, committed 9472K, reserved 1058816K
  class space    used 833K, capacity 937K, committed 1024K, reserved 1048576K
}

