# JRE version: Java(TM) SE Runtime Environment (13.0+33) (build 13+33)
# Java VM: Java HotSpot(TM) 64-Bit Server VM (13+33, mixed mode, sharing, tiered, compressed oops, g1 gc, windows-amd64)
Heap:
 garbage-first heap   total 262144K, used 147712K [0x0000000701400000, 0x0000000800000000)
  region size 1024K, 112 young (114688K), 3 survivors (3072K)
 Metaspace       used 9255K, capacity 9508K, committed 9728K, reserved 1058816K
  class space    used 901K, capacity 1010K, committed 1024K, reserved 1048576K
GC Heap History (20 events):
Event: 1.713 GC heap before
{Heap before GC invocations=1 (full 0):
 garbage-first heap   total 262144K, used 43159K [0x0000000701400000, 0x0000000800000000)
  region size 1024K, 12 young (12288K), 3 survivors (3072K)
 Metaspace       used 8497K, capacity 8802K, committed 8960K, reserved 1056768K
  class space    used 876K, capacity 1010K, committed 1024K, reserved 1048576K
}
Event: 1.722 GC heap after
{Heap after GC invocations=2 (full 0):
 garbage-first heap   total 262144K, used 35091K [0x0000000701400000, 0x0000000800000000)
  region size 1024K, 1 young (1024K), 1 survivors (1024K)
 Metaspace       used 8497K, capacity 8802K, committed 8960K, reserved 1056768K
  class space    used 876K, capacity 1010K, committed 1024K, reserved 1048576K
}
Event: 3.053 GC heap before
{Heap before GC invocations=2 (full 0):
 garbage-first heap   total 262144K, used 46355K [0x0000000701400000, 0x0000000800000000)
  region size 1024K, 13 young (13312K), 1 survivors (1024K)
 Metaspace       used 8766K, capacity 9059K, committed 9216K, reserved 1056768K
  class space    used 876K, capacity 1010K, committed 1024K, reserved 1048576K
}
Event: 3.053 GC heap after
{Heap after GC invocations=3 (full 0):
 garbage-first heap   total 262144K, used 34965K [0x0000000701400000, 0x0000000800000000)
  region size 1024K, 1 young (1024K), 1 survivors (1024K)
 Metaspace       used 8766K, capacity 9059K, committed 9216K, reserved 1056768K
  class space    used 876K, capacity 1010K, committed 1024K, reserved 1048576K
}
Event: 4.229 GC heap before
{Heap before GC invocations=3 (full 0):
 garbage-first heap   total 262144K, used 46229K [0x0000000701400000, 0x0000000800000000)
  region size 1024K, 12 young (12288K), 1 survivors (1024K)
 Metaspace       used 8876K, capacity 9187K, committed 9216K, reserved 1056768K
  class space    used 876K, capacity 1010K, committed 1024K, reserved 1048576K
}
Event: 4.229 GC heap after
{Heap after GC invocations=4 (full 0):
 garbage-first heap   total 262144K, used 34871K [0x0000000701400000, 0x0000000800000000)
  region size 1024K, 1 young (1024K), 1 survivors (1024K)
 Metaspace       used 8876K, capacity 9187K, committed 9216K, reserved 1056768K
  class space    used 876K, capacity 1010K, committed 1024K, reserved 1048576K
}
Event: 7.704 GC heap before
{Heap before GC invocations=4 (full 0):
 garbage-first heap   total 262144K, used 63543K [0x0000000701400000, 0x0000000800000000)
  region size 1024K, 29 young (29696K), 1 survivors (1024K)
 Metaspace       used 8976K, capacity 9251K, committed 9472K, reserved 1058816K
  class space    used 876K, capacity 1010K, committed 1024K, reserved 1048576K
}
Event: 7.704 GC heap after
{Heap after GC invocations=5 (full 0):
 garbage-first heap   total 262144K, used 34857K [0x0000000701400000, 0x0000000800000000)
  region size 1024K, 1 young (1024K), 1 survivors (1024K)
 Metaspace       used 8976K, capacity 9251K, committed 9472K, reserved 1058816K
  class space    used 876K, capacity 1010K, committed 1024K, reserved 1048576K
}
Event: 13.035 GC heap before
{Heap before GC invocations=5 (full 0):
 garbage-first heap   total 262144K, used 81961K [0x0000000701400000, 0x0000000800000000)
  region size 1024K, 47 young (48128K), 1 survivors (1024K)
 Metaspace       used 9101K, capacity 9380K, committed 9472K, reserved 1058816K
  class space    used 879K, capacity 1010K, committed 1024K, reserved 1048576K
}
Event: 13.036 GC heap after
{Heap after GC invocations=6 (full 0):
 garbage-first heap   total 262144K, used 35159K [0x0000000701400000, 0x0000000800000000)
  region size 1024K, 1 young (1024K), 1 survivors (1024K)
 Metaspace       used 9101K, capacity 9380K, committed 9472K, reserved 1058816K
  class space    used 879K, capacity 1010K, committed 1024K, reserved 1048576K
}
Event: 20.755 GC heap before
{Heap before GC invocations=6 (full 0):
 garbage-first heap   total 262144K, used 119127K [0x0000000701400000, 0x0000000800000000)
  region size 1024K, 83 young (84992K), 1 survivors (1024K)
 Metaspace       used 9130K, capacity 9380K, committed 9472K, reserved 1058816K
  class space    used 879K, capacity 1010K, committed 1024K, reserved 1048576K
}
Event: 20.756 GC heap after
{Heap after GC invocations=7 (full 0):
 garbage-first heap   total 262144K, used 35476K [0x0000000701400000, 0x0000000800000000)
  region size 1024K, 2 young (2048K), 2 survivors (2048K)
 Metaspace       used 9130K, capacity 9380K, committed 9472K, reserved 1058816K
  class space    used 879K, capacity 1010K, committed 1024K, reserved 1048576K
}
Event: 28.381 GC heap before
{Heap before GC invocations=7 (full 0):
 garbage-first heap   total 262144K, used 148116K [0x0000000701400000, 0x0000000800000000)
  region size 1024K, 113 young (115712K), 2 survivors (2048K)
 Metaspace       used 9219K, capacity 9444K, committed 9472K, reserved 1058816K
  class space    used 897K, capacity 1010K, committed 1024K, reserved 1048576K
}
Event: 28.382 GC heap after
{Heap after GC invocations=8 (full 0):
 garbage-first heap   total 262144K, used 35763K [0x0000000701400000, 0x0000000800000000)
  region size 1024K, 2 young (2048K), 2 survivors (2048K)
 Metaspace       used 9219K, capacity 9444K, committed 9472K, reserved 1058816K
  class space    used 897K, capacity 1010K, committed 1024K, reserved 1048576K
}
Event: 40.056 GC heap before
{Heap before GC invocations=8 (full 0):
 garbage-first heap   total 262144K, used 190387K [0x0000000701400000, 0x0000000800000000)
  region size 1024K, 153 young (156672K), 2 survivors (2048K)
 Metaspace       used 9234K, capacity 9444K, committed 9472K, reserved 1058816K
  class space    used 897K, capacity 1010K, committed 1024K, reserved 1048576K
}
Event: 40.057 GC heap after
{Heap after GC invocations=9 (full 0):
 garbage-first heap   total 262144K, used 36757K [0x0000000701400000, 0x0000000800000000)
  region size 1024K, 3 young (3072K), 3 survivors (3072K)
 Metaspace       used 9234K, capacity 9444K, committed 9472K, reserved 1058816K
  class space    used 897K, capacity 1010K, committed 1024K, reserved 1048576K
}
Event: 49.997 GC heap before
{Heap before GC invocations=9 (full 0):
 garbage-first heap   total 262144K, used 190357K [0x0000000701400000, 0x0000000800000000)
  region size 1024K, 153 young (156672K), 3 survivors (3072K)
 Metaspace       used 9234K, capacity 9444K, committed 9472K, reserved 1058816K
  class space    used 897K, capacity 1010K, committed 1024K, reserved 1048576K
}
Event: 49.997 GC heap after
{Heap after GC invocations=10 (full 0):
 garbage-first heap   total 262144K, used 36857K [0x0000000701400000, 0x0000000800000000)
  region size 1024K, 3 young (3072K), 3 survivors (3072K)
 Metaspace       used 9234K, capacity 9444K, committed 9472K, reserved 1058816K
  class space    used 897K, capacity 1010K, committed 1024K, reserved 1048576K
}
Event: 57.680 GC heap before
{Heap before GC invocations=10 (full 0):
 garbage-first heap   total 262144K, used 190457K [0x0000000701400000, 0x0000000800000000)
  region size 1024K, 154 young (157696K), 3 survivors (3072K)
 Metaspace       used 9234K, capacity 9444K, committed 9472K, reserved 1058816K
  class space    used 897K, capacity 1010K, committed 1024K, reserved 1048576K
}
Event: 57.681 GC heap after
{Heap after GC invocations=11 (full 0):
 garbage-first heap   total 262144K, used 37120K [0x0000000701400000, 0x0000000800000000)
  region size 1024K, 3 young (3072K), 3 survivors (3072K)
 Metaspace       used 9234K, capacity 9444K, committed 9472K, reserved 1058816K
  class space    used 897K, capacity 1010K, committed 1024K, reserved 1048576K
}

