# JRE version: Java(TM) SE Runtime Environment (13.0+33) (build 13+33)
# Java VM: Java HotSpot(TM) 64-Bit Server VM (13+33, mixed mode, sharing, tiered, compressed oops, g1 gc, windows-amd64)
Heap:
 garbage-first heap   total 262144K, used 156892K [0x0000000701400000, 0x0000000800000000)
  region size 1024K, 94 young (96256K), 18 survivors (18432K)
 Metaspace       used 9401K, capacity 9668K, committed 9856K, reserved 1058816K
  class space    used 911K, capacity 1042K, committed 1152K, reserved 1048576K
GC Heap History (20 events):
Event: 0.500 GC heap before
{Heap before GC invocations=0 (full 0):
 garbage-first heap   total 262144K, used 24576K [0x0000000701400000, 0x0000000800000000)
  region size 1024K, 24 young (24576K), 0 survivors (0K)
 Metaspace       used 5184K, capacity 5389K, committed 5632K, reserved 1056768K
  class space    used 569K, capacity 659K, committed 768K, reserved 1048576K
}
Event: 0.519 GC heap after
{Heap after GC invocations=1 (full 0):
 garbage-first heap   total 262144K, used 21063K [0x0000000701400000, 0x0000000800000000)
  region size 1024K, 3 young (3072K), 3 survivors (3072K)
 Metaspace       used 5184K, capacity 5389K, committed 5632K, reserved 1056768K
  class space    used 569K, capacity 659K, committed 768K, reserved 1048576K
}
Event: 1.355 GC heap before
{Heap before GC invocations=1 (full 0):
 garbage-first heap   total 262144K, used 46663K [0x0000000701400000, 0x0000000800000000)
  region size 1024K, 12 young (12288K), 3 survivors (3072K)
 Metaspace       used 8594K, capacity 8866K, committed 8960K, reserved 1056768K
  class space    used 879K, capacity 1010K, committed 1024K, reserved 1048576K
}
Event: 1.369 GC heap after
{Heap after GC invocations=2 (full 0):
 garbage-first heap   total 262144K, used 40623K [0x0000000701400000, 0x0000000800000000)
  region size 1024K, 2 young (2048K), 2 survivors (2048K)
 Metaspace       used 8594K, capacity 8866K, committed 8960K, reserved 1056768K
  class space    used 879K, capacity 1010K, committed 1024K, reserved 1048576K
}
Event: 2.783 GC heap before
{Heap before GC invocations=2 (full 0):
 garbage-first heap   total 262144K, used 50863K [0x0000000701400000, 0x0000000800000000)
  region size 1024K, 13 young (13312K), 2 survivors (2048K)
 Metaspace       used 8968K, capacity 9251K, committed 9472K, reserved 1058816K
  class space    used 883K, capacity 1010K, committed 1024K, reserved 1048576K
}
Event: 2.785 GC heap after
{Heap after GC invocations=3 (full 0):
 garbage-first heap   total 262144K, used 39461K [0x0000000701400000, 0x0000000800000000)
  region size 1024K, 1 young (1024K), 1 survivors (1024K)
 Metaspace       used 8968K, capacity 9251K, committed 9472K, reserved 1058816K
  class space    used 883K, capacity 1010K, committed 1024K, reserved 1048576K
}
Event: 4.306 GC heap before
{Heap before GC invocations=3 (full 0):
 garbage-first heap   total 262144K, used 50725K [0x0000000701400000, 0x0000000800000000)
  region size 1024K, 13 young (13312K), 1 survivors (1024K)
 Metaspace       used 9064K, capacity 9316K, committed 9472K, reserved 1058816K
  class space    used 883K, capacity 1010K, committed 1024K, reserved 1048576K
}
Event: 4.307 GC heap after
{Heap after GC invocations=4 (full 0):
 garbage-first heap   total 262144K, used 39243K [0x0000000701400000, 0x0000000800000000)
  region size 1024K, 1 young (1024K), 1 survivors (1024K)
 Metaspace       used 9064K, capacity 9316K, committed 9472K, reserved 1058816K
  class space    used 883K, capacity 1010K, committed 1024K, reserved 1048576K
}
Event: 7.560 GC heap before
{Heap before GC invocations=4 (full 0):
 garbage-first heap   total 262144K, used 73035K [0x0000000701400000, 0x0000000800000000)
  region size 1024K, 34 young (34816K), 1 survivors (1024K)
 Metaspace       used 9277K, capacity 9508K, committed 9728K, reserved 1058816K
  class space    used 904K, capacity 1010K, committed 1024K, reserved 1048576K
}
Event: 7.561 GC heap after
{Heap after GC invocations=5 (full 0):
 garbage-first heap   total 262144K, used 39391K [0x0000000701400000, 0x0000000800000000)
  region size 1024K, 1 young (1024K), 1 survivors (1024K)
 Metaspace       used 9277K, capacity 9508K, committed 9728K, reserved 1058816K
  class space    used 904K, capacity 1010K, committed 1024K, reserved 1048576K
}
Event: 24.794 GC heap before
{Heap before GC invocations=5 (full 0):
 garbage-first heap   total 262144K, used 180703K [0x0000000701400000, 0x0000000800000000)
  region size 1024K, 139 young (142336K), 1 survivors (1024K)
 Metaspace       used 9381K, capacity 9572K, committed 9728K, reserved 1058816K
  class space    used 907K, capacity 1010K, committed 1024K, reserved 1048576K
}
Event: 24.797 GC heap after
{Heap after GC invocations=6 (full 0):
 garbage-first heap   total 262144K, used 43784K [0x0000000701400000, 0x0000000800000000)
  region size 1024K, 5 young (5120K), 5 survivors (5120K)
 Metaspace       used 9381K, capacity 9572K, committed 9728K, reserved 1058816K
  class space    used 907K, capacity 1010K, committed 1024K, reserved 1048576K
}
Event: 47.004 GC heap before
{Heap before GC invocations=6 (full 0):
 garbage-first heap   total 262144K, used 192264K [0x0000000701400000, 0x0000000800000000)
  region size 1024K, 150 young (153600K), 5 survivors (5120K)
 Metaspace       used 9382K, capacity 9572K, committed 9728K, reserved 1058816K
  class space    used 907K, capacity 1010K, committed 1024K, reserved 1048576K
}
Event: 47.011 GC heap after
{Heap after GC invocations=7 (full 0):
 garbage-first heap   total 262144K, used 53039K [0x0000000701400000, 0x0000000800000000)
  region size 1024K, 14 young (14336K), 14 survivors (14336K)
 Metaspace       used 9382K, capacity 9572K, committed 9728K, reserved 1058816K
  class space    used 907K, capacity 1010K, committed 1024K, reserved 1048576K
}
Event: 69.026 GC heap before
{Heap before GC invocations=7 (full 0):
 garbage-first heap   total 262144K, used 195375K [0x0000000701400000, 0x0000000800000000)
  region size 1024K, 154 young (157696K), 14 survivors (14336K)
 Metaspace       used 9383K, capacity 9636K, committed 9728K, reserved 1058816K
  class space    used 907K, capacity 1010K, committed 1024K, reserved 1048576K
}
Event: 69.035 GC heap after
{Heap after GC invocations=8 (full 0):
 garbage-first heap   total 262144K, used 62139K [0x0000000701400000, 0x0000000800000000)
  region size 1024K, 18 young (18432K), 18 survivors (18432K)
 Metaspace       used 9383K, capacity 9636K, committed 9728K, reserved 1058816K
  class space    used 907K, capacity 1010K, committed 1024K, reserved 1048576K
}
Event: 91.085 GC heap before
{Heap before GC invocations=8 (full 0):
 garbage-first heap   total 262144K, used 200379K [0x0000000701400000, 0x0000000800000000)
  region size 1024K, 153 young (156672K), 18 survivors (18432K)
 Metaspace       used 9384K, capacity 9636K, committed 9728K, reserved 1058816K
  class space    used 907K, capacity 1010K, committed 1024K, reserved 1048576K
}
Event: 91.095 GC heap after
{Heap after GC invocations=9 (full 0):
 garbage-first heap   total 262144K, used 71385K [0x0000000701400000, 0x0000000800000000)
  region size 1024K, 18 young (18432K), 18 survivors (18432K)
 Metaspace       used 9384K, capacity 9636K, committed 9728K, reserved 1058816K
  class space    used 907K, capacity 1010K, committed 1024K, reserved 1048576K
}
Event: 111.840 GC heap before
{Heap before GC invocations=9 (full 0):
 garbage-first heap   total 262144K, used 207577K [0x0000000701400000, 0x0000000800000000)
  region size 1024K, 151 young (154624K), 18 survivors (18432K)
 Metaspace       used 9385K, capacity 9636K, committed 9728K, reserved 1058816K
  class space    used 907K, capacity 1010K, committed 1024K, reserved 1048576K
}
Event: 111.849 GC heap after
{Heap after GC invocations=10 (full 0):
 garbage-first heap   total 262144K, used 80092K [0x0000000701400000, 0x0000000800000000)
  region size 1024K, 18 young (18432K), 18 survivors (18432K)
 Metaspace       used 9385K, capacity 9636K, committed 9728K, reserved 1058816K
  class space    used 907K, capacity 1010K, committed 1024K, reserved 1048576K
}

