# JRE version: Java(TM) SE Runtime Environment (13.0+33) (build 13+33)
# Java VM: Java HotSpot(TM) 64-Bit Server VM (13+33, mixed mode, sharing, tiered, compressed oops, g1 gc, windows-amd64)
Heap:
 garbage-first heap   total 262144K, used 76245K [0x0000000701400000, 0x0000000800000000)
  region size 1024K, 13 young (13312K), 12 survivors (12288K)
 Metaspace       used 9652K, capacity 9932K, committed 10112K, reserved 1058816K
  class space    used 919K, capacity 1042K, committed 1152K, reserved 1048576K
GC Heap History (20 events):
Event: 83.716 GC heap before
{Heap before GC invocations=18 (full 0):
 garbage-first heap   total 262144K, used 205629K [0x0000000701400000, 0x0000000800000000)
  region size 1024K, 154 young (157696K), 12 survivors (12288K)
 Metaspace       used 9624K, capacity 9868K, committed 10112K, reserved 1058816K
  class space    used 916K, capacity 1042K, committed 1152K, reserved 1048576K
}
Event: 83.719 GC heap after
{Heap after GC invocations=19 (full 0):
 garbage-first heap   total 262144K, used 62139K [0x0000000701400000, 0x0000000800000000)
  region size 1024K, 12 young (12288K), 12 survivors (12288K)
 Metaspace       used 9624K, capacity 9868K, committed 10112K, reserved 1058816K
  class space    used 916K, capacity 1042K, committed 1152K, reserved 1048576K
}
Event: 97.836 GC heap before
{Heap before GC invocations=19 (full 0):
 garbage-first heap   total 262144K, used 206523K [0x0000000701400000, 0x0000000800000000)
  region size 1024K, 153 young (156672K), 12 survivors (12288K)
 Metaspace       used 9625K, capacity 9868K, committed 10112K, reserved 1058816K
  class space    used 916K, capacity 1042K, committed 1152K, reserved 1048576K
}
Event: 97.839 GC heap after
{Heap after GC invocations=20 (full 0):
 garbage-first heap   total 262144K, used 62781K [0x0000000701400000, 0x0000000800000000)
  region size 1024K, 12 young (12288K), 12 survivors (12288K)
 Metaspace       used 9625K, capacity 9868K, committed 10112K, reserved 1058816K
  class space    used 916K, capacity 1042K, committed 1152K, reserved 1048576K
}
Event: 101.419 GC heap before
{Heap before GC invocations=20 (full 0):
 garbage-first heap   total 262144K, used 207165K [0x0000000701400000, 0x0000000800000000)
  region size 1024K, 154 young (157696K), 12 survivors (12288K)
 Metaspace       used 9625K, capacity 9868K, committed 10112K, reserved 1058816K
  class space    used 916K, capacity 1042K, committed 1152K, reserved 1048576K
}
Event: 101.423 GC heap after
{Heap after GC invocations=21 (full 0):
 garbage-first heap   total 262144K, used 66119K [0x0000000701400000, 0x0000000800000000)
  region size 1024K, 13 young (13312K), 13 survivors (13312K)
 Metaspace       used 9625K, capacity 9868K, committed 10112K, reserved 1058816K
  class space    used 916K, capacity 1042K, committed 1152K, reserved 1048576K
}
Event: 104.529 GC heap before
{Heap before GC invocations=21 (full 0):
 garbage-first heap   total 262144K, used 209479K [0x0000000701400000, 0x0000000800000000)
  region size 1024K, 154 young (157696K), 13 survivors (13312K)
 Metaspace       used 9626K, capacity 9868K, committed 10112K, reserved 1058816K
  class space    used 916K, capacity 1042K, committed 1152K, reserved 1048576K
}
Event: 104.533 GC heap after
{Heap after GC invocations=22 (full 0):
 garbage-first heap   total 262144K, used 67846K [0x0000000701400000, 0x0000000800000000)
  region size 1024K, 13 young (13312K), 13 survivors (13312K)
 Metaspace       used 9626K, capacity 9868K, committed 10112K, reserved 1058816K
  class space    used 916K, capacity 1042K, committed 1152K, reserved 1048576K
}
Event: 106.937 GC heap before
{Heap before GC invocations=22 (full 0):
 garbage-first heap   total 262144K, used 211206K [0x0000000701400000, 0x0000000800000000)
  region size 1024K, 153 young (156672K), 13 survivors (13312K)
 Metaspace       used 9626K, capacity 9868K, committed 10112K, reserved 1058816K
  class space    used 916K, capacity 1042K, committed 1152K, reserved 1048576K
}
Event: 106.941 GC heap after
{Heap after GC invocations=23 (full 0):
 garbage-first heap   total 262144K, used 70167K [0x0000000701400000, 0x0000000800000000)
  region size 1024K, 13 young (13312K), 13 survivors (13312K)
 Metaspace       used 9626K, capacity 9868K, committed 10112K, reserved 1058816K
  class space    used 916K, capacity 1042K, committed 1152K, reserved 1048576K
}
Event: 108.866 GC heap before
{Heap before GC invocations=23 (full 0):
 garbage-first heap   total 262144K, used 215575K [0x0000000701400000, 0x0000000800000000)
  region size 1024K, 153 young (156672K), 13 survivors (13312K)
 Metaspace       used 9635K, capacity 9932K, committed 10112K, reserved 1058816K
  class space    used 916K, capacity 1042K, committed 1152K, reserved 1048576K
}
Event: 108.870 GC heap after
{Heap after GC invocations=24 (full 0):
 garbage-first heap   total 262144K, used 73361K [0x0000000701400000, 0x0000000800000000)
  region size 1024K, 12 young (12288K), 12 survivors (12288K)
 Metaspace       used 9635K, capacity 9932K, committed 10112K, reserved 1058816K
  class space    used 916K, capacity 1042K, committed 1152K, reserved 1048576K
}
Event: 110.790 GC heap before
{Heap before GC invocations=24 (full 0):
 garbage-first heap   total 262144K, used 217745K [0x0000000701400000, 0x0000000800000000)
  region size 1024K, 153 young (156672K), 12 survivors (12288K)
 Metaspace       used 9635K, capacity 9932K, committed 10112K, reserved 1058816K
  class space    used 916K, capacity 1042K, committed 1152K, reserved 1048576K
}
Event: 110.794 GC heap after
{Heap after GC invocations=25 (full 0):
 garbage-first heap   total 262144K, used 74082K [0x0000000701400000, 0x0000000800000000)
  region size 1024K, 11 young (11264K), 11 survivors (11264K)
 Metaspace       used 9635K, capacity 9932K, committed 10112K, reserved 1058816K
  class space    used 916K, capacity 1042K, committed 1152K, reserved 1048576K
}
Event: 113.037 GC heap before
{Heap before GC invocations=25 (full 0):
 garbage-first heap   total 262144K, used 219490K [0x0000000701400000, 0x0000000800000000)
  region size 1024K, 153 young (156672K), 11 survivors (11264K)
 Metaspace       used 9636K, capacity 9932K, committed 10112K, reserved 1058816K
  class space    used 916K, capacity 1042K, committed 1152K, reserved 1048576K
}
Event: 113.040 GC heap after
{Heap after GC invocations=26 (full 0):
 garbage-first heap   total 262144K, used 74891K [0x0000000701400000, 0x0000000800000000)
  region size 1024K, 11 young (11264K), 11 survivors (11264K)
 Metaspace       used 9636K, capacity 9932K, committed 10112K, reserved 1058816K
  class space    used 916K, capacity 1042K, committed 1152K, reserved 1048576K
}
Event: 115.893 GC heap before
{Heap before GC invocations=26 (full 0):
 garbage-first heap   total 262144K, used 220299K [0x0000000701400000, 0x0000000800000000)
  region size 1024K, 153 young (156672K), 11 survivors (11264K)
 Metaspace       used 9636K, capacity 9932K, committed 10112K, reserved 1058816K
  class space    used 916K, capacity 1042K, committed 1152K, reserved 1048576K
}
Event: 115.896 GC heap after
{Heap after GC invocations=27 (full 0):
 garbage-first heap   total 262144K, used 75188K [0x0000000701400000, 0x0000000800000000)
  region size 1024K, 11 young (11264K), 11 survivors (11264K)
 Metaspace       used 9636K, capacity 9932K, committed 10112K, reserved 1058816K
  class space    used 916K, capacity 1042K, committed 1152K, reserved 1048576K
}
Event: 118.795 GC heap before
{Heap before GC invocations=27 (full 0):
 garbage-first heap   total 262144K, used 220596K [0x0000000701400000, 0x0000000800000000)
  region size 1024K, 153 young (156672K), 11 survivors (11264K)
 Metaspace       used 9639K, capacity 9932K, committed 10112K, reserved 1058816K
  class space    used 916K, capacity 1042K, committed 1152K, reserved 1048576K
}
Event: 118.799 GC heap after
{Heap after GC invocations=28 (full 0):
 garbage-first heap   total 262144K, used 76245K [0x0000000701400000, 0x0000000800000000)
  region size 1024K, 12 young (12288K), 12 survivors (12288K)
 Metaspace       used 9639K, capacity 9932K, committed 10112K, reserved 1058816K
  class space    used 916K, capacity 1042K, committed 1152K, reserved 1048576K
}

