# JRE version: Java(TM) SE Runtime Environment (13.0+33) (build 13+33)
# Java VM: Java HotSpot(TM) 64-Bit Server VM (13+33, mixed mode, sharing, tiered, compressed oops, g1 gc, windows-amd64)
Heap:
 garbage-first heap   total 262144K, used 123809K [0x0000000701400000, 0x0000000800000000)
  region size 1024K, 83 young (84992K), 1 survivors (1024K)
 Metaspace       used 9538K, capacity 9796K, committed 10112K, reserved 1058816K
  class space    used 923K, capacity 1042K, committed 1152K, reserved 1048576K
GC Heap History (10 events):
Event: 1.286 GC heap before
{Heap before GC invocations=0 (full 0):
 garbage-first heap   total 262144K, used 40960K [0x0000000701400000, 0x0000000800000000)
  region size 1024K, 24 young (24576K), 0 survivors (0K)
 Metaspace       used 8133K, capacity 8384K, committed 8448K, reserved 1056768K
  class space    used 856K, capacity 977K, committed 1024K, reserved 1048576K
}
Event: 1.300 GC heap after
{Heap after GC invocations=1 (full 0):
 garbage-first heap   total 262144K, used 29812K [0x0000000701400000, 0x0000000800000000)
  region size 1024K, 3 young (3072K), 3 survivors (3072K)
 Metaspace       used 8133K, capacity 8384K, committed 8448K, reserved 1056768K
  class space    used 856K, capacity 977K, committed 1024K, reserved 1048576K
}
Event: 1.597 GC heap before
{Heap before GC invocations=1 (full 0):
 garbage-first heap   total 262144K, used 48244K [0x0000000701400000, 0x0000000800000000)
  region size 1024K, 18 young (18432K), 3 survivors (3072K)
 Metaspace       used 8854K, capacity 9059K, committed 9216K, reserved 1056768K
  class space    used 891K, capacity 1010K, committed 1024K, reserved 1048576K
}
Event: 1.613 GC heap after
{Heap after GC invocations=2 (full 0):
 garbage-first heap   total 262144K, used 39737K [0x0000000701400000, 0x0000000800000000)
  region size 1024K, 3 young (3072K), 3 survivors (3072K)
 Metaspace       used 8854K, capacity 9059K, committed 9216K, reserved 1056768K
  class space    used 891K, capacity 1010K, committed 1024K, reserved 1048576K
}
Event: 2.507 GC heap before
{Heap before GC invocations=2 (full 0):
 garbage-first heap   total 262144K, used 48953K [0x0000000701400000, 0x0000000800000000)
  region size 1024K, 12 young (12288K), 3 survivors (3072K)
 Metaspace       used 9038K, capacity 9315K, committed 9472K, reserved 1058816K
  class space    used 891K, capacity 1010K, committed 1024K, reserved 1048576K
}
Event: 2.508 GC heap after
{Heap after GC invocations=3 (full 0):
 garbage-first heap   total 262144K, used 40976K [0x0000000701400000, 0x0000000800000000)
  region size 1024K, 1 young (1024K), 1 survivors (1024K)
 Metaspace       used 9038K, capacity 9315K, committed 9472K, reserved 1058816K
  class space    used 891K, capacity 1010K, committed 1024K, reserved 1048576K
}
Event: 4.321 GC heap before
{Heap before GC invocations=3 (full 0):
 garbage-first heap   total 262144K, used 65552K [0x0000000701400000, 0x0000000800000000)
  region size 1024K, 25 young (25600K), 1 survivors (1024K)
 Metaspace       used 9229K, capacity 9443K, committed 9472K, reserved 1058816K
  class space    used 910K, capacity 1010K, committed 1024K, reserved 1048576K
}
Event: 4.321 GC heap after
{Heap after GC invocations=4 (full 0):
 garbage-first heap   total 262144K, used 40767K [0x0000000701400000, 0x0000000800000000)
  region size 1024K, 1 young (1024K), 1 survivors (1024K)
 Metaspace       used 9229K, capacity 9443K, committed 9472K, reserved 1058816K
  class space    used 910K, capacity 1010K, committed 1024K, reserved 1048576K
}
Event: 8.162 GC heap before
{Heap before GC invocations=4 (full 0):
 garbage-first heap   total 262144K, used 96063K [0x0000000701400000, 0x0000000800000000)
  region size 1024K, 55 young (56320K), 1 survivors (1024K)
 Metaspace       used 9389K, capacity 9572K, committed 9728K, reserved 1058816K
  class space    used 915K, capacity 1010K, committed 1024K, reserved 1048576K
}
Event: 8.162 GC heap after
{Heap after GC invocations=5 (full 0):
 garbage-first heap   total 262144K, used 40865K [0x0000000701400000, 0x0000000800000000)
  region size 1024K, 1 young (1024K), 1 survivors (1024K)
 Metaspace       used 9389K, capacity 9572K, committed 9728K, reserved 1058816K
  class space    used 915K, capacity 1010K, committed 1024K, reserved 1048576K
}

