# JRE version: Java(TM) SE Runtime Environment (13.0+33) (build 13+33)
# Java VM: Java HotSpot(TM) 64-Bit Server VM (13+33, mixed mode, sharing, tiered, compressed oops, g1 gc, windows-amd64)
Heap:
 garbage-first heap   total 262144K, used 190445K [0x0000000701400000, 0x0000000800000000)
  region size 1024K, 116 young (118784K), 19 survivors (19456K)
 Metaspace       used 9574K, capacity 9860K, committed 10112K, reserved 1058816K
  class space    used 916K, capacity 1042K, committed 1152K, reserved 1048576K
GC Heap History (20 events):
Event: 145.979 GC heap before
{Heap before GC invocations=12 (full 0):
 garbage-first heap   total 262144K, used 211306K [0x0000000701400000, 0x0000000800000000)
  region size 1024K, 154 young (157696K), 10 survivors (10240K)
 Metaspace       used 9542K, capacity 9796K, committed 10112K, reserved 1058816K
  class space    used 913K, capacity 1042K, committed 1152K, reserved 1048576K
}
Event: 145.982 GC heap after
{Heap after GC invocations=13 (full 0):
 garbage-first heap   total 262144K, used 65147K [0x0000000701400000, 0x0000000800000000)
  region size 1024K, 10 young (10240K), 10 survivors (10240K)
 Metaspace       used 9542K, capacity 9796K, committed 10112K, reserved 1058816K
  class space    used 913K, capacity 1042K, committed 1152K, reserved 1048576K
}
Event: 160.366 GC heap before
{Heap before GC invocations=13 (full 0):
 garbage-first heap   total 262144K, used 211579K [0x0000000701400000, 0x0000000800000000)
  region size 1024K, 153 young (156672K), 10 survivors (10240K)
 Metaspace       used 9542K, capacity 9796K, committed 10112K, reserved 1058816K
  class space    used 913K, capacity 1042K, committed 1152K, reserved 1048576K
}
Event: 160.370 GC heap after
{Heap after GC invocations=14 (full 0):
 garbage-first heap   total 262144K, used 64834K [0x0000000701400000, 0x0000000800000000)
  region size 1024K, 10 young (10240K), 10 survivors (10240K)
 Metaspace       used 9542K, capacity 9796K, committed 10112K, reserved 1058816K
  class space    used 913K, capacity 1042K, committed 1152K, reserved 1048576K
}
Event: 174.642 GC heap before
{Heap before GC invocations=14 (full 0):
 garbage-first heap   total 262144K, used 211266K [0x0000000701400000, 0x0000000800000000)
  region size 1024K, 154 young (157696K), 10 survivors (10240K)
 Metaspace       used 9545K, capacity 9796K, committed 10112K, reserved 1058816K
  class space    used 913K, capacity 1042K, committed 1152K, reserved 1048576K
}
Event: 174.646 GC heap after
{Heap after GC invocations=15 (full 0):
 garbage-first heap   total 262144K, used 65132K [0x0000000701400000, 0x0000000800000000)
  region size 1024K, 10 young (10240K), 10 survivors (10240K)
 Metaspace       used 9545K, capacity 9796K, committed 10112K, reserved 1058816K
  class space    used 913K, capacity 1042K, committed 1152K, reserved 1048576K
}
Event: 191.165 GC heap before
{Heap before GC invocations=15 (full 0):
 garbage-first heap   total 262144K, used 211564K [0x0000000701400000, 0x0000000800000000)
  region size 1024K, 153 young (156672K), 10 survivors (10240K)
 Metaspace       used 9545K, capacity 9796K, committed 10112K, reserved 1058816K
  class space    used 913K, capacity 1042K, committed 1152K, reserved 1048576K
}
Event: 191.168 GC heap after
{Heap after GC invocations=16 (full 0):
 garbage-first heap   total 262144K, used 64865K [0x0000000701400000, 0x0000000800000000)
  region size 1024K, 10 young (10240K), 10 survivors (10240K)
 Metaspace       used 9545K, capacity 9796K, committed 10112K, reserved 1058816K
  class space    used 913K, capacity 1042K, committed 1152K, reserved 1048576K
}
Event: 206.761 GC heap before
{Heap before GC invocations=16 (full 0):
 garbage-first heap   total 262144K, used 211297K [0x0000000701400000, 0x0000000800000000)
  region size 1024K, 153 young (156672K), 10 survivors (10240K)
 Metaspace       used 9545K, capacity 9796K, committed 10112K, reserved 1058816K
  class space    used 913K, capacity 1042K, committed 1152K, reserved 1048576K
}
Event: 206.765 GC heap after
{Heap after GC invocations=17 (full 0):
 garbage-first heap   total 262144K, used 67303K [0x0000000701400000, 0x0000000800000000)
  region size 1024K, 12 young (12288K), 12 survivors (12288K)
 Metaspace       used 9545K, capacity 9796K, committed 10112K, reserved 1058816K
  class space    used 913K, capacity 1042K, committed 1152K, reserved 1048576K
}
Event: 221.558 GC heap before
{Heap before GC invocations=17 (full 0):
 garbage-first heap   total 262144K, used 211687K [0x0000000701400000, 0x0000000800000000)
  region size 1024K, 154 young (157696K), 12 survivors (12288K)
 Metaspace       used 9545K, capacity 9796K, committed 10112K, reserved 1058816K
  class space    used 913K, capacity 1042K, committed 1152K, reserved 1048576K
}
Event: 221.562 GC heap after
{Heap after GC invocations=18 (full 0):
 garbage-first heap   total 262144K, used 67472K [0x0000000701400000, 0x0000000800000000)
  region size 1024K, 11 young (11264K), 11 survivors (11264K)
 Metaspace       used 9545K, capacity 9796K, committed 10112K, reserved 1058816K
  class space    used 913K, capacity 1042K, committed 1152K, reserved 1048576K
}
Event: 235.640 GC heap before
{Heap before GC invocations=18 (full 0):
 garbage-first heap   total 262144K, used 212880K [0x0000000701400000, 0x0000000800000000)
  region size 1024K, 153 young (156672K), 11 survivors (11264K)
 Metaspace       used 9545K, capacity 9796K, committed 10112K, reserved 1058816K
  class space    used 913K, capacity 1042K, committed 1152K, reserved 1048576K
}
Event: 235.643 GC heap after
{Heap after GC invocations=19 (full 0):
 garbage-first heap   total 262144K, used 67782K [0x0000000701400000, 0x0000000800000000)
  region size 1024K, 11 young (11264K), 11 survivors (11264K)
 Metaspace       used 9545K, capacity 9796K, committed 10112K, reserved 1058816K
  class space    used 913K, capacity 1042K, committed 1152K, reserved 1048576K
}
Event: 248.808 GC heap before
{Heap before GC invocations=19 (full 0):
 garbage-first heap   total 262144K, used 212166K [0x0000000701400000, 0x0000000800000000)
  region size 1024K, 153 young (156672K), 11 survivors (11264K)
 Metaspace       used 9555K, capacity 9860K, committed 10112K, reserved 1058816K
  class space    used 913K, capacity 1042K, committed 1152K, reserved 1048576K
}
Event: 248.815 GC heap after
{Heap after GC invocations=20 (full 0):
 garbage-first heap   total 262144K, used 73912K [0x0000000701400000, 0x0000000800000000)
  region size 1024K, 17 young (17408K), 17 survivors (17408K)
 Metaspace       used 9555K, capacity 9860K, committed 10112K, reserved 1058816K
  class space    used 913K, capacity 1042K, committed 1152K, reserved 1048576K
}
Event: 259.295 GC heap before
{Heap before GC invocations=20 (full 0):
 garbage-first heap   total 262144K, used 213176K [0x0000000701400000, 0x0000000800000000)
  region size 1024K, 154 young (157696K), 17 survivors (17408K)
 Metaspace       used 9557K, capacity 9860K, committed 10112K, reserved 1058816K
  class space    used 913K, capacity 1042K, committed 1152K, reserved 1048576K
}
Event: 259.304 GC heap after
{Heap after GC invocations=21 (full 0):
 garbage-first heap   total 262144K, used 80478K [0x0000000701400000, 0x0000000800000000)
  region size 1024K, 16 young (16384K), 16 survivors (16384K)
 Metaspace       used 9557K, capacity 9860K, committed 10112K, reserved 1058816K
  class space    used 913K, capacity 1042K, committed 1152K, reserved 1048576K
}
Event: 270.843 GC heap before
{Heap before GC invocations=21 (full 0):
 garbage-first heap   total 262144K, used 218718K [0x0000000701400000, 0x0000000800000000)
  region size 1024K, 151 young (154624K), 16 survivors (16384K)
 Metaspace       used 9557K, capacity 9860K, committed 10112K, reserved 1058816K
  class space    used 913K, capacity 1042K, committed 1152K, reserved 1048576K
}
Event: 270.852 GC heap after
{Heap after GC invocations=22 (full 0):
 garbage-first heap   total 262144K, used 92141K [0x0000000701400000, 0x0000000800000000)
  region size 1024K, 19 young (19456K), 19 survivors (19456K)
 Metaspace       used 9557K, capacity 9860K, committed 10112K, reserved 1058816K
  class space    used 913K, capacity 1042K, committed 1152K, reserved 1048576K
}

