# JRE version: Java(TM) SE Runtime Environment (13.0+33) (build 13+33)
# Java VM: Java HotSpot(TM) 64-Bit Server VM (13+33, mixed mode, sharing, tiered, compressed oops, g1 gc, windows-amd64)
Heap:
 garbage-first heap   total 262144K, used 186812K [0x0000000701400000, 0x0000000800000000)
  region size 1024K, 144 young (147456K), 3 survivors (3072K)
 Metaspace       used 9289K, capacity 9508K, committed 9728K, reserved 1058816K
  class space    used 890K, capacity 1010K, committed 1024K, reserved 1048576K
GC Heap History (20 events):
Event: 0.537 GC heap before
{Heap before GC invocations=0 (full 0):
 garbage-first heap   total 262144K, used 28672K [0x0000000701400000, 0x0000000800000000)
  region size 1024K, 24 young (24576K), 0 survivors (0K)
 Metaspace       used 6073K, capacity 6291K, committed 6528K, reserved 1056768K
  class space    used 682K, capacity 789K, committed 896K, reserved 1048576K
}
Event: 0.554 GC heap after
{Heap after GC invocations=1 (full 0):
 garbage-first heap   total 262144K, used 25288K [0x0000000701400000, 0x0000000800000000)
  region size 1024K, 3 young (3072K), 3 survivors (3072K)
 Metaspace       used 6073K, capacity 6291K, committed 6528K, reserved 1056768K
  class space    used 682K, capacity 789K, committed 896K, reserved 1048576K
}
Event: 1.411 GC heap before
{Heap before GC invocations=1 (full 0):
 garbage-first heap   total 262144K, used 46792K [0x0000000701400000, 0x0000000800000000)
  region size 1024K, 12 young (12288K), 3 survivors (3072K)
 Metaspace       used 8461K, capacity 8738K, committed 8960K, reserved 1056768K
  class space    used 878K, capacity 1010K, committed 1024K, reserved 1048576K
}
Event: 1.425 GC heap after
{Heap after GC invocations=2 (full 0):
 garbage-first heap   total 262144K, used 40594K [0x0000000701400000, 0x0000000800000000)
  region size 1024K, 2 young (2048K), 2 survivors (2048K)
 Metaspace       used 8461K, capacity 8738K, committed 8960K, reserved 1056768K
  class space    used 878K, capacity 1010K, committed 1024K, reserved 1048576K
}
Event: 2.950 GC heap before
{Heap before GC invocations=2 (full 0):
 garbage-first heap   total 262144K, used 50834K [0x0000000701400000, 0x0000000800000000)
  region size 1024K, 13 young (13312K), 2 survivors (2048K)
 Metaspace       used 8842K, capacity 9123K, committed 9216K, reserved 1056768K
  class space    used 878K, capacity 1010K, committed 1024K, reserved 1048576K
}
Event: 2.951 GC heap after
{Heap after GC invocations=3 (full 0):
 garbage-first heap   total 262144K, used 41262K [0x0000000701400000, 0x0000000800000000)
  region size 1024K, 1 young (1024K), 1 survivors (1024K)
 Metaspace       used 8842K, capacity 9123K, committed 9216K, reserved 1056768K
  class space    used 878K, capacity 1010K, committed 1024K, reserved 1048576K
}
Event: 4.564 GC heap before
{Heap before GC invocations=3 (full 0):
 garbage-first heap   total 262144K, used 52526K [0x0000000701400000, 0x0000000800000000)
  region size 1024K, 12 young (12288K), 1 survivors (1024K)
 Metaspace       used 9029K, capacity 9316K, committed 9472K, reserved 1058816K
  class space    used 882K, capacity 1010K, committed 1024K, reserved 1048576K
}
Event: 4.565 GC heap after
{Heap after GC invocations=4 (full 0):
 garbage-first heap   total 262144K, used 41082K [0x0000000701400000, 0x0000000800000000)
  region size 1024K, 1 young (1024K), 1 survivors (1024K)
 Metaspace       used 9029K, capacity 9316K, committed 9472K, reserved 1058816K
  class space    used 882K, capacity 1010K, committed 1024K, reserved 1048576K
}
Event: 8.236 GC heap before
{Heap before GC invocations=4 (full 0):
 garbage-first heap   total 262144K, used 77946K [0x0000000701400000, 0x0000000800000000)
  region size 1024K, 37 young (37888K), 1 survivors (1024K)
 Metaspace       used 9123K, capacity 9380K, committed 9472K, reserved 1058816K
  class space    used 883K, capacity 1010K, committed 1024K, reserved 1048576K
}
Event: 8.236 GC heap after
{Heap after GC invocations=5 (full 0):
 garbage-first heap   total 262144K, used 41090K [0x0000000701400000, 0x0000000800000000)
  region size 1024K, 1 young (1024K), 1 survivors (1024K)
 Metaspace       used 9123K, capacity 9380K, committed 9472K, reserved 1058816K
  class space    used 883K, capacity 1010K, committed 1024K, reserved 1048576K
}
Event: 25.302 GC heap before
{Heap before GC invocations=5 (full 0):
 garbage-first heap   total 262144K, used 185474K [0x0000000701400000, 0x0000000800000000)
  region size 1024K, 142 young (145408K), 1 survivors (1024K)
 Metaspace       used 9150K, capacity 9444K, committed 9472K, reserved 1058816K
  class space    used 883K, capacity 1010K, committed 1024K, reserved 1048576K
}
Event: 25.303 GC heap after
{Heap after GC invocations=6 (full 0):
 garbage-first heap   total 262144K, used 41105K [0x0000000701400000, 0x0000000800000000)
  region size 1024K, 1 young (1024K), 1 survivors (1024K)
 Metaspace       used 9150K, capacity 9444K, committed 9472K, reserved 1058816K
  class space    used 883K, capacity 1010K, committed 1024K, reserved 1048576K
}
Event: 42.452 GC heap before
{Heap before GC invocations=6 (full 0):
 garbage-first heap   total 262144K, used 196753K [0x0000000701400000, 0x0000000800000000)
  region size 1024K, 154 young (157696K), 1 survivors (1024K)
 Metaspace       used 9219K, capacity 9444K, committed 9472K, reserved 1058816K
  class space    used 886K, capacity 1010K, committed 1024K, reserved 1048576K
}
Event: 42.452 GC heap after
{Heap after GC invocations=7 (full 0):
 garbage-first heap   total 262144K, used 41230K [0x0000000701400000, 0x0000000800000000)
  region size 1024K, 1 young (1024K), 1 survivors (1024K)
 Metaspace       used 9219K, capacity 9444K, committed 9472K, reserved 1058816K
  class space    used 886K, capacity 1010K, committed 1024K, reserved 1048576K
}
Event: 56.401 GC heap before
{Heap before GC invocations=7 (full 0):
 garbage-first heap   total 262144K, used 196878K [0x0000000701400000, 0x0000000800000000)
  region size 1024K, 153 young (156672K), 1 survivors (1024K)
 Metaspace       used 9227K, capacity 9444K, committed 9472K, reserved 1058816K
  class space    used 886K, capacity 1010K, committed 1024K, reserved 1048576K
}
Event: 56.402 GC heap after
{Heap after GC invocations=8 (full 0):
 garbage-first heap   total 262144K, used 41289K [0x0000000701400000, 0x0000000800000000)
  region size 1024K, 1 young (1024K), 1 survivors (1024K)
 Metaspace       used 9227K, capacity 9444K, committed 9472K, reserved 1058816K
  class space    used 886K, capacity 1010K, committed 1024K, reserved 1048576K
}
Event: 67.331 GC heap before
{Heap before GC invocations=8 (full 0):
 garbage-first heap   total 262144K, used 196937K [0x0000000701400000, 0x0000000800000000)
  region size 1024K, 153 young (156672K), 1 survivors (1024K)
 Metaspace       used 9252K, capacity 9508K, committed 9728K, reserved 1058816K
  class space    used 887K, capacity 1010K, committed 1024K, reserved 1048576K
}
Event: 67.332 GC heap after
{Heap after GC invocations=9 (full 0):
 garbage-first heap   total 262144K, used 42092K [0x0000000701400000, 0x0000000800000000)
  region size 1024K, 2 young (2048K), 2 survivors (2048K)
 Metaspace       used 9252K, capacity 9508K, committed 9728K, reserved 1058816K
  class space    used 887K, capacity 1010K, committed 1024K, reserved 1048576K
}
Event: 75.535 GC heap before
{Heap before GC invocations=9 (full 0):
 garbage-first heap   total 262144K, used 196716K [0x0000000701400000, 0x0000000800000000)
  region size 1024K, 154 young (157696K), 2 survivors (2048K)
 Metaspace       used 9268K, capacity 9508K, committed 9728K, reserved 1058816K
  class space    used 887K, capacity 1010K, committed 1024K, reserved 1048576K
}
Event: 75.536 GC heap after
{Heap after GC invocations=10 (full 0):
 garbage-first heap   total 262144K, used 43452K [0x0000000701400000, 0x0000000800000000)
  region size 1024K, 3 young (3072K), 3 survivors (3072K)
 Metaspace       used 9268K, capacity 9508K, committed 9728K, reserved 1058816K
  class space    used 887K, capacity 1010K, committed 1024K, reserved 1048576K
}

