# JRE version: Java(TM) SE Runtime Environment (13.0+33) (build 13+33)
# Java VM: Java HotSpot(TM) 64-Bit Server VM (13+33, mixed mode, sharing, tiered, compressed oops, g1 gc, windows-amd64)
Heap:
 garbage-first heap   total 262144K, used 165601K [0x0000000701400000, 0x0000000800000000)
  region size 1024K, 142 young (145408K), 1 survivors (1024K)
 Metaspace       used 9410K, capacity 9692K, committed 9728K, reserved 1058816K
  class space    used 895K, capacity 1010K, committed 1024K, reserved 1048576K
GC Heap History (20 events):
Event: 3.303 GC heap before
{Heap before GC invocations=1 (full 0):
 garbage-first heap   total 262144K, used 32147K [0x0000000701400000, 0x0000000800000000)
  region size 1024K, 12 young (12288K), 3 survivors (3072K)
 Metaspace       used 9081K, capacity 9371K, committed 9472K, reserved 1058816K
  class space    used 886K, capacity 1010K, committed 1024K, reserved 1048576K
}
Event: 3.308 GC heap after
{Heap after GC invocations=2 (full 0):
 garbage-first heap   total 262144K, used 21635K [0x0000000701400000, 0x0000000800000000)
  region size 1024K, 1 young (1024K), 1 survivors (1024K)
 Metaspace       used 9081K, capacity 9371K, committed 9472K, reserved 1058816K
  class space    used 886K, capacity 1010K, committed 1024K, reserved 1048576K
}
Event: 5.499 GC heap before
{Heap before GC invocations=2 (full 0):
 garbage-first heap   total 262144K, used 55427K [0x0000000701400000, 0x0000000800000000)
  region size 1024K, 34 young (34816K), 1 survivors (1024K)
 Metaspace       used 9176K, capacity 9436K, committed 9472K, reserved 1058816K
  class space    used 886K, capacity 1010K, committed 1024K, reserved 1048576K
}
Event: 5.499 GC heap after
{Heap after GC invocations=3 (full 0):
 garbage-first heap   total 262144K, used 21347K [0x0000000701400000, 0x0000000800000000)
  region size 1024K, 1 young (1024K), 1 survivors (1024K)
 Metaspace       used 9176K, capacity 9436K, committed 9472K, reserved 1058816K
  class space    used 886K, capacity 1010K, committed 1024K, reserved 1048576K
}
Event: 16.203 GC heap before
{Heap before GC invocations=3 (full 0):
 garbage-first heap   total 262144K, used 176995K [0x0000000701400000, 0x0000000800000000)
  region size 1024K, 154 young (157696K), 1 survivors (1024K)
 Metaspace       used 9278K, capacity 9500K, committed 9728K, reserved 1058816K
  class space    used 888K, capacity 1010K, committed 1024K, reserved 1048576K
}
Event: 16.204 GC heap after
{Heap after GC invocations=4 (full 0):
 garbage-first heap   total 262144K, used 21454K [0x0000000701400000, 0x0000000800000000)
  region size 1024K, 1 young (1024K), 1 survivors (1024K)
 Metaspace       used 9278K, capacity 9500K, committed 9728K, reserved 1058816K
  class space    used 888K, capacity 1010K, committed 1024K, reserved 1048576K
}
Event: 27.040 GC heap before
{Heap before GC invocations=4 (full 0):
 garbage-first heap   total 262144K, used 177102K [0x0000000701400000, 0x0000000800000000)
  region size 1024K, 153 young (156672K), 1 survivors (1024K)
 Metaspace       used 9320K, capacity 9628K, committed 9728K, reserved 1058816K
  class space    used 889K, capacity 1010K, committed 1024K, reserved 1048576K
}
Event: 27.040 GC heap after
{Heap after GC invocations=5 (full 0):
 garbage-first heap   total 262144K, used 21568K [0x0000000701400000, 0x0000000800000000)
  region size 1024K, 1 young (1024K), 1 survivors (1024K)
 Metaspace       used 9320K, capacity 9628K, committed 9728K, reserved 1058816K
  class space    used 889K, capacity 1010K, committed 1024K, reserved 1048576K
}
Event: 38.371 GC heap before
{Heap before GC invocations=5 (full 0):
 garbage-first heap   total 262144K, used 177216K [0x0000000701400000, 0x0000000800000000)
  region size 1024K, 153 young (156672K), 1 survivors (1024K)
 Metaspace       used 9324K, capacity 9628K, committed 9728K, reserved 1058816K
  class space    used 890K, capacity 1010K, committed 1024K, reserved 1048576K
}
Event: 38.371 GC heap after
{Heap after GC invocations=6 (full 0):
 garbage-first heap   total 262144K, used 21581K [0x0000000701400000, 0x0000000800000000)
  region size 1024K, 1 young (1024K), 1 survivors (1024K)
 Metaspace       used 9324K, capacity 9628K, committed 9728K, reserved 1058816K
  class space    used 890K, capacity 1010K, committed 1024K, reserved 1048576K
}
Event: 49.481 GC heap before
{Heap before GC invocations=6 (full 0):
 garbage-first heap   total 262144K, used 177229K [0x0000000701400000, 0x0000000800000000)
  region size 1024K, 153 young (156672K), 1 survivors (1024K)
 Metaspace       used 9339K, capacity 9628K, committed 9728K, reserved 1058816K
  class space    used 890K, capacity 1010K, committed 1024K, reserved 1048576K
}
Event: 49.482 GC heap after
{Heap after GC invocations=7 (full 0):
 garbage-first heap   total 262144K, used 21656K [0x0000000701400000, 0x0000000800000000)
  region size 1024K, 1 young (1024K), 1 survivors (1024K)
 Metaspace       used 9339K, capacity 9628K, committed 9728K, reserved 1058816K
  class space    used 890K, capacity 1010K, committed 1024K, reserved 1048576K
}
Event: 59.516 GC heap before
{Heap before GC invocations=7 (full 0):
 garbage-first heap   total 262144K, used 177304K [0x0000000701400000, 0x0000000800000000)
  region size 1024K, 154 young (157696K), 1 survivors (1024K)
 Metaspace       used 9342K, capacity 9628K, committed 9728K, reserved 1058816K
  class space    used 890K, capacity 1010K, committed 1024K, reserved 1048576K
}
Event: 59.516 GC heap after
{Heap after GC invocations=8 (full 0):
 garbage-first heap   total 262144K, used 21973K [0x0000000701400000, 0x0000000800000000)
  region size 1024K, 1 young (1024K), 1 survivors (1024K)
 Metaspace       used 9342K, capacity 9628K, committed 9728K, reserved 1058816K
  class space    used 890K, capacity 1010K, committed 1024K, reserved 1048576K
}
Event: 70.130 GC heap before
{Heap before GC invocations=8 (full 0):
 garbage-first heap   total 262144K, used 177621K [0x0000000701400000, 0x0000000800000000)
  region size 1024K, 153 young (156672K), 1 survivors (1024K)
 Metaspace       used 9347K, capacity 9628K, committed 9728K, reserved 1058816K
  class space    used 890K, capacity 1010K, committed 1024K, reserved 1048576K
}
Event: 70.131 GC heap after
{Heap after GC invocations=9 (full 0):
 garbage-first heap   total 262144K, used 22018K [0x0000000701400000, 0x0000000800000000)
  region size 1024K, 1 young (1024K), 1 survivors (1024K)
 Metaspace       used 9347K, capacity 9628K, committed 9728K, reserved 1058816K
  class space    used 890K, capacity 1010K, committed 1024K, reserved 1048576K
}
Event: 79.278 GC heap before
{Heap before GC invocations=9 (full 0):
 garbage-first heap   total 262144K, used 177666K [0x0000000701400000, 0x0000000800000000)
  region size 1024K, 154 young (157696K), 1 survivors (1024K)
 Metaspace       used 9351K, capacity 9628K, committed 9728K, reserved 1058816K
  class space    used 891K, capacity 1010K, committed 1024K, reserved 1048576K
}
Event: 79.279 GC heap after
{Heap after GC invocations=10 (full 0):
 garbage-first heap   total 262144K, used 22072K [0x0000000701400000, 0x0000000800000000)
  region size 1024K, 1 young (1024K), 1 survivors (1024K)
 Metaspace       used 9351K, capacity 9628K, committed 9728K, reserved 1058816K
  class space    used 891K, capacity 1010K, committed 1024K, reserved 1048576K
}
Event: 88.705 GC heap before
{Heap before GC invocations=10 (full 0):
 garbage-first heap   total 262144K, used 177720K [0x0000000701400000, 0x0000000800000000)
  region size 1024K, 153 young (156672K), 1 survivors (1024K)
 Metaspace       used 9362K, capacity 9628K, committed 9728K, reserved 1058816K
  class space    used 891K, capacity 1010K, committed 1024K, reserved 1048576K
}
Event: 88.706 GC heap after
{Heap after GC invocations=11 (full 0):
 garbage-first heap   total 262144K, used 22241K [0x0000000701400000, 0x0000000800000000)
  region size 1024K, 1 young (1024K), 1 survivors (1024K)
 Metaspace       used 9362K, capacity 9628K, committed 9728K, reserved 1058816K
  class space    used 891K, capacity 1010K, committed 1024K, reserved 1048576K
}

