# JRE version: Java(TM) SE Runtime Environment (13.0+33) (build 13+33)
# Java VM: Java HotSpot(TM) 64-Bit Server VM (13+33, mixed mode, sharing, tiered, compressed oops, g1 gc, windows-amd64)
Heap:
 garbage-first heap   total 262144K, used 109994K [0x0000000701400000, 0x0000000800000000)
  region size 1024K, 31 young (31744K), 11 survivors (11264K)
 Metaspace       used 9576K, capacity 9796K, committed 10112K, reserved 1058816K
  class space    used 922K, capacity 1042K, committed 1152K, reserved 1048576K
GC Heap History (20 events):
Event: 3.381 GC heap before
{Heap before GC invocations=2 (full 0):
 garbage-first heap   total 262144K, used 45130K [0x0000000701400000, 0x0000000800000000)
  region size 1024K, 15 young (15360K), 1 survivors (1024K)
 Metaspace       used 9171K, capacity 9379K, committed 9472K, reserved 1058816K
  class space    used 911K, capacity 1010K, committed 1024K, reserved 1048576K
}
Event: 3.382 GC heap after
{Heap after GC invocations=3 (full 0):
 garbage-first heap   total 262144K, used 30506K [0x0000000701400000, 0x0000000800000000)
  region size 1024K, 1 young (1024K), 1 survivors (1024K)
 Metaspace       used 9171K, capacity 9379K, committed 9472K, reserved 1058816K
  class space    used 911K, capacity 1010K, committed 1024K, reserved 1048576K
}
Event: 6.602 GC heap before
{Heap before GC invocations=3 (full 0):
 garbage-first heap   total 262144K, used 69418K [0x0000000701400000, 0x0000000800000000)
  region size 1024K, 39 young (39936K), 1 survivors (1024K)
 Metaspace       used 9383K, capacity 9636K, committed 9728K, reserved 1058816K
  class space    used 918K, capacity 1010K, committed 1024K, reserved 1048576K
}
Event: 6.602 GC heap after
{Heap after GC invocations=4 (full 0):
 garbage-first heap   total 262144K, used 30935K [0x0000000701400000, 0x0000000800000000)
  region size 1024K, 1 young (1024K), 1 survivors (1024K)
 Metaspace       used 9383K, capacity 9636K, committed 9728K, reserved 1058816K
  class space    used 918K, capacity 1010K, committed 1024K, reserved 1048576K
}
Event: 13.000 GC heap before
{Heap before GC invocations=4 (full 0):
 garbage-first heap   total 262144K, used 90327K [0x0000000701400000, 0x0000000800000000)
  region size 1024K, 59 young (60416K), 1 survivors (1024K)
 Metaspace       used 9495K, capacity 9700K, committed 9728K, reserved 1058816K
  class space    used 918K, capacity 1010K, committed 1024K, reserved 1048576K
}
Event: 13.001 GC heap after
{Heap after GC invocations=5 (full 0):
 garbage-first heap   total 262144K, used 33157K [0x0000000701400000, 0x0000000800000000)
  region size 1024K, 4 young (4096K), 4 survivors (4096K)
 Metaspace       used 9495K, capacity 9700K, committed 9728K, reserved 1058816K
  class space    used 918K, capacity 1010K, committed 1024K, reserved 1048576K
}
Event: 21.198 GC heap before
{Heap before GC invocations=5 (full 0):
 garbage-first heap   total 262144K, used 125317K [0x0000000701400000, 0x0000000800000000)
  region size 1024K, 94 young (96256K), 4 survivors (4096K)
 Metaspace       used 9509K, capacity 9700K, committed 9728K, reserved 1058816K
  class space    used 918K, capacity 1010K, committed 1024K, reserved 1048576K
}
Event: 21.202 GC heap after
{Heap after GC invocations=6 (full 0):
 garbage-first heap   total 262144K, used 40914K [0x0000000701400000, 0x0000000800000000)
  region size 1024K, 11 young (11264K), 11 survivors (11264K)
 Metaspace       used 9509K, capacity 9700K, committed 9728K, reserved 1058816K
  class space    used 918K, capacity 1010K, committed 1024K, reserved 1048576K
}
Event: 31.806 GC heap before
{Heap before GC invocations=6 (full 0):
 garbage-first heap   total 262144K, used 179154K [0x0000000701400000, 0x0000000800000000)
  region size 1024K, 146 young (149504K), 11 survivors (11264K)
 Metaspace       used 9520K, capacity 9700K, committed 9728K, reserved 1058816K
  class space    used 918K, capacity 1010K, committed 1024K, reserved 1048576K
}
Event: 31.811 GC heap after
{Heap after GC invocations=7 (full 0):
 garbage-first heap   total 262144K, used 45386K [0x0000000701400000, 0x0000000800000000)
  region size 1024K, 12 young (12288K), 12 survivors (12288K)
 Metaspace       used 9520K, capacity 9700K, committed 9728K, reserved 1058816K
  class space    used 918K, capacity 1010K, committed 1024K, reserved 1048576K
}
Event: 37.947 GC heap before
{Heap before GC invocations=7 (full 0):
 garbage-first heap   total 262144K, used 188746K [0x0000000701400000, 0x0000000800000000)
  region size 1024K, 152 young (155648K), 12 survivors (12288K)
 Metaspace       used 9527K, capacity 9700K, committed 9728K, reserved 1058816K
  class space    used 918K, capacity 1010K, committed 1024K, reserved 1048576K
}
Event: 37.954 GC heap after
{Heap after GC invocations=8 (full 0):
 garbage-first heap   total 262144K, used 53820K [0x0000000701400000, 0x0000000800000000)
  region size 1024K, 13 young (13312K), 13 survivors (13312K)
 Metaspace       used 9527K, capacity 9700K, committed 9728K, reserved 1058816K
  class space    used 918K, capacity 1010K, committed 1024K, reserved 1048576K
}
Event: 44.964 GC heap before
{Heap before GC invocations=8 (full 0):
 garbage-first heap   total 262144K, used 197180K [0x0000000701400000, 0x0000000800000000)
  region size 1024K, 153 young (156672K), 13 survivors (13312K)
 Metaspace       used 9532K, capacity 9764K, committed 9984K, reserved 1058816K
  class space    used 918K, capacity 1010K, committed 1024K, reserved 1048576K
}
Event: 44.971 GC heap after
{Heap after GC invocations=9 (full 0):
 garbage-first heap   total 262144K, used 62172K [0x0000000701400000, 0x0000000800000000)
  region size 1024K, 17 young (17408K), 17 survivors (17408K)
 Metaspace       used 9532K, capacity 9764K, committed 9984K, reserved 1058816K
  class space    used 918K, capacity 1010K, committed 1024K, reserved 1048576K
}
Event: 49.762 GC heap before
{Heap before GC invocations=9 (full 0):
 garbage-first heap   total 262144K, used 201436K [0x0000000701400000, 0x0000000800000000)
  region size 1024K, 154 young (157696K), 17 survivors (17408K)
 Metaspace       used 9534K, capacity 9796K, committed 10112K, reserved 1058816K
  class space    used 919K, capacity 1042K, committed 1152K, reserved 1048576K
}
Event: 49.769 GC heap after
{Heap after GC invocations=10 (full 0):
 garbage-first heap   total 262144K, used 66364K [0x0000000701400000, 0x0000000800000000)
  region size 1024K, 13 young (13312K), 13 survivors (13312K)
 Metaspace       used 9534K, capacity 9796K, committed 10112K, reserved 1058816K
  class space    used 919K, capacity 1042K, committed 1152K, reserved 1048576K
}
Event: 62.051 GC heap before
{Heap before GC invocations=10 (full 0):
 garbage-first heap   total 262144K, used 209724K [0x0000000701400000, 0x0000000800000000)
  region size 1024K, 153 young (156672K), 13 survivors (13312K)
 Metaspace       used 9534K, capacity 9796K, committed 10112K, reserved 1058816K
  class space    used 919K, capacity 1042K, committed 1152K, reserved 1048576K
}
Event: 62.060 GC heap after
{Heap after GC invocations=11 (full 0):
 garbage-first heap   total 262144K, used 78260K [0x0000000701400000, 0x0000000800000000)
  region size 1024K, 16 young (16384K), 16 survivors (16384K)
 Metaspace       used 9534K, capacity 9796K, committed 10112K, reserved 1058816K
  class space    used 919K, capacity 1042K, committed 1152K, reserved 1048576K
}
Event: 70.557 GC heap before
{Heap before GC invocations=11 (full 0):
 garbage-first heap   total 262144K, used 212404K [0x0000000701400000, 0x0000000800000000)
  region size 1024K, 145 young (148480K), 16 survivors (16384K)
 Metaspace       used 9560K, capacity 9796K, committed 10112K, reserved 1058816K
  class space    used 919K, capacity 1042K, committed 1152K, reserved 1048576K
}
Event: 70.567 GC heap after
{Heap after GC invocations=12 (full 0):
 garbage-first heap   total 262144K, used 90538K [0x0000000701400000, 0x0000000800000000)
  region size 1024K, 11 young (11264K), 11 survivors (11264K)
 Metaspace       used 9560K, capacity 9796K, committed 10112K, reserved 1058816K
  class space    used 919K, capacity 1042K, committed 1152K, reserved 1048576K
}

