# JRE version: Java(TM) SE Runtime Environment (13.0+33) (build 13+33)
# Java VM: Java HotSpot(TM) 64-Bit Server VM (13+33, mixed mode, sharing, tiered, compressed oops, g1 gc, windows-amd64)
Heap:
 garbage-first heap   total 262144K, used 132469K [0x0000000701400000, 0x0000000800000000)
  region size 1024K, 110 young (112640K), 12 survivors (12288K)
 Metaspace       used 9561K, capacity 9804K, committed 10112K, reserved 1058816K
  class space    used 919K, capacity 1042K, committed 1152K, reserved 1048576K
GC Heap History (6 events):
Event: 4.505 GC heap before
{Heap before GC invocations=0 (full 0):
 garbage-first heap   total 262144K, used 40960K [0x0000000701400000, 0x0000000800000000)
  region size 1024K, 25 young (25600K), 0 survivors (0K)
 Metaspace       used 7663K, capacity 7889K, committed 8064K, reserved 1056768K
  class space    used 762K, capacity 872K, committed 896K, reserved 1048576K
}
Event: 4.508 GC heap after
{Heap after GC invocations=1 (full 0):
 garbage-first heap   total 262144K, used 18823K [0x0000000701400000, 0x0000000800000000)
  region size 1024K, 3 young (3072K), 3 survivors (3072K)
 Metaspace       used 7663K, capacity 7889K, committed 8064K, reserved 1056768K
  class space    used 762K, capacity 872K, committed 896K, reserved 1048576K
}
Event: 41.177 GC heap before
{Heap before GC invocations=1 (full 0):
 garbage-first heap   total 262144K, used 176519K [0x0000000701400000, 0x0000000800000000)
  region size 1024K, 153 young (156672K), 3 survivors (3072K)
 Metaspace       used 9089K, capacity 9324K, committed 9472K, reserved 1058816K
  class space    used 888K, capacity 1010K, committed 1024K, reserved 1048576K
}
Event: 41.187 GC heap after
{Heap after GC invocations=2 (full 0):
 garbage-first heap   total 262144K, used 30294K [0x0000000701400000, 0x0000000800000000)
  region size 1024K, 12 young (12288K), 12 survivors (12288K)
 Metaspace       used 9089K, capacity 9324K, committed 9472K, reserved 1058816K
  class space    used 888K, capacity 1010K, committed 1024K, reserved 1048576K
}
Event: 52.751 GC heap before
{Heap before GC invocations=2 (full 0):
 garbage-first heap   total 262144K, used 174678K [0x0000000701400000, 0x0000000800000000)
  region size 1024K, 154 young (157696K), 12 survivors (12288K)
 Metaspace       used 9530K, capacity 9772K, committed 9984K, reserved 1058816K
  class space    used 916K, capacity 1010K, committed 1024K, reserved 1048576K
}
Event: 52.760 GC heap after
{Heap after GC invocations=3 (full 0):
 garbage-first heap   total 262144K, used 33141K [0x0000000701400000, 0x0000000800000000)
  region size 1024K, 12 young (12288K), 12 survivors (12288K)
 Metaspace       used 9530K, capacity 9772K, committed 9984K, reserved 1058816K
  class space    used 916K, capacity 1010K, committed 1024K, reserved 1048576K
}

