# JRE version: Java(TM) SE Runtime Environment (13.0+33) (build 13+33)
# Java VM: Java HotSpot(TM) 64-Bit Server VM (13+33, mixed mode, sharing, tiered, compressed oops, g1 gc, windows-amd64)
Heap:
 garbage-first heap   total 262144K, used 159873K [0x0000000701400000, 0x0000000800000000)
  region size 1024K, 125 young (128000K), 4 survivors (4096K)
 Metaspace       used 9248K, capacity 9508K, committed 9728K, reserved 1058816K
  class space    used 888K, capacity 1010K, committed 1024K, reserved 1048576K
GC Heap History (20 events):
Event: 3.673 GC heap before
{Heap before GC invocations=3 (full 0):
 garbage-first heap   total 262144K, used 45631K [0x0000000701400000, 0x0000000800000000)
  region size 1024K, 12 young (12288K), 1 survivors (1024K)
 Metaspace       used 8981K, capacity 9251K, committed 9472K, reserved 1058816K
  class space    used 880K, capacity 1010K, committed 1024K, reserved 1048576K
}
Event: 3.673 GC heap after
{Heap after GC invocations=4 (full 0):
 garbage-first heap   total 262144K, used 34322K [0x0000000701400000, 0x0000000800000000)
  region size 1024K, 1 young (1024K), 1 survivors (1024K)
 Metaspace       used 8981K, capacity 9251K, committed 9472K, reserved 1058816K
  class space    used 880K, capacity 1010K, committed 1024K, reserved 1048576K
}
Event: 6.790 GC heap before
{Heap before GC invocations=4 (full 0):
 garbage-first heap   total 262144K, used 59922K [0x0000000701400000, 0x0000000800000000)
  region size 1024K, 27 young (27648K), 1 survivors (1024K)
 Metaspace       used 9073K, capacity 9316K, committed 9472K, reserved 1058816K
  class space    used 880K, capacity 1010K, committed 1024K, reserved 1048576K
}
Event: 6.791 GC heap after
{Heap after GC invocations=5 (full 0):
 garbage-first heap   total 262144K, used 34329K [0x0000000701400000, 0x0000000800000000)
  region size 1024K, 1 young (1024K), 1 survivors (1024K)
 Metaspace       used 9073K, capacity 9316K, committed 9472K, reserved 1058816K
  class space    used 880K, capacity 1010K, committed 1024K, reserved 1048576K
}
Event: 11.078 GC heap before
{Heap before GC invocations=5 (full 0):
 garbage-first heap   total 262144K, used 77337K [0x0000000701400000, 0x0000000800000000)
  region size 1024K, 44 young (45056K), 1 survivors (1024K)
 Metaspace       used 9081K, capacity 9380K, committed 9472K, reserved 1058816K
  class space    used 880K, capacity 1010K, committed 1024K, reserved 1048576K
}
Event: 11.079 GC heap after
{Heap after GC invocations=6 (full 0):
 garbage-first heap   total 262144K, used 34333K [0x0000000701400000, 0x0000000800000000)
  region size 1024K, 1 young (1024K), 1 survivors (1024K)
 Metaspace       used 9081K, capacity 9380K, committed 9472K, reserved 1058816K
  class space    used 880K, capacity 1010K, committed 1024K, reserved 1048576K
}
Event: 17.231 GC heap before
{Heap before GC invocations=6 (full 0):
 garbage-first heap   total 262144K, used 112157K [0x0000000701400000, 0x0000000800000000)
  region size 1024K, 77 young (78848K), 1 survivors (1024K)
 Metaspace       used 9084K, capacity 9380K, committed 9472K, reserved 1058816K
  class space    used 880K, capacity 1010K, committed 1024K, reserved 1048576K
}
Event: 17.231 GC heap after
{Heap after GC invocations=7 (full 0):
 garbage-first heap   total 262144K, used 34332K [0x0000000701400000, 0x0000000800000000)
  region size 1024K, 1 young (1024K), 1 survivors (1024K)
 Metaspace       used 9084K, capacity 9380K, committed 9472K, reserved 1058816K
  class space    used 880K, capacity 1010K, committed 1024K, reserved 1048576K
}
Event: 23.559 GC heap before
{Heap before GC invocations=7 (full 0):
 garbage-first heap   total 262144K, used 143900K [0x0000000701400000, 0x0000000800000000)
  region size 1024K, 108 young (110592K), 1 survivors (1024K)
 Metaspace       used 9113K, capacity 9380K, committed 9472K, reserved 1058816K
  class space    used 881K, capacity 1010K, committed 1024K, reserved 1048576K
}
Event: 23.560 GC heap after
{Heap after GC invocations=8 (full 0):
 garbage-first heap   total 262144K, used 34339K [0x0000000701400000, 0x0000000800000000)
  region size 1024K, 1 young (1024K), 1 survivors (1024K)
 Metaspace       used 9113K, capacity 9380K, committed 9472K, reserved 1058816K
  class space    used 881K, capacity 1010K, committed 1024K, reserved 1048576K
}
Event: 31.747 GC heap before
{Heap before GC invocations=8 (full 0):
 garbage-first heap   total 262144K, used 166435K [0x0000000701400000, 0x0000000800000000)
  region size 1024K, 130 young (133120K), 1 survivors (1024K)
 Metaspace       used 9160K, capacity 9444K, committed 9472K, reserved 1058816K
  class space    used 883K, capacity 1010K, committed 1024K, reserved 1048576K
}
Event: 31.747 GC heap after
{Heap after GC invocations=9 (full 0):
 garbage-first heap   total 262144K, used 34376K [0x0000000701400000, 0x0000000800000000)
  region size 1024K, 1 young (1024K), 1 survivors (1024K)
 Metaspace       used 9160K, capacity 9444K, committed 9472K, reserved 1058816K
  class space    used 883K, capacity 1010K, committed 1024K, reserved 1048576K
}
Event: 43.584 GC heap before
{Heap before GC invocations=9 (full 0):
 garbage-first heap   total 262144K, used 182856K [0x0000000701400000, 0x0000000800000000)
  region size 1024K, 146 young (149504K), 1 survivors (1024K)
 Metaspace       used 9161K, capacity 9444K, committed 9472K, reserved 1058816K
  class space    used 883K, capacity 1010K, committed 1024K, reserved 1048576K
}
Event: 43.585 GC heap after
{Heap after GC invocations=10 (full 0):
 garbage-first heap   total 262144K, used 34396K [0x0000000701400000, 0x0000000800000000)
  region size 1024K, 1 young (1024K), 1 survivors (1024K)
 Metaspace       used 9161K, capacity 9444K, committed 9472K, reserved 1058816K
  class space    used 883K, capacity 1010K, committed 1024K, reserved 1048576K
}
Event: 53.598 GC heap before
{Heap before GC invocations=10 (full 0):
 garbage-first heap   total 262144K, used 190044K [0x0000000701400000, 0x0000000800000000)
  region size 1024K, 154 young (157696K), 1 survivors (1024K)
 Metaspace       used 9179K, capacity 9444K, committed 9472K, reserved 1058816K
  class space    used 883K, capacity 1010K, committed 1024K, reserved 1048576K
}
Event: 53.599 GC heap after
{Heap after GC invocations=11 (full 0):
 garbage-first heap   total 262144K, used 34673K [0x0000000701400000, 0x0000000800000000)
  region size 1024K, 1 young (1024K), 1 survivors (1024K)
 Metaspace       used 9179K, capacity 9444K, committed 9472K, reserved 1058816K
  class space    used 883K, capacity 1010K, committed 1024K, reserved 1048576K
}
Event: 61.697 GC heap before
{Heap before GC invocations=11 (full 0):
 garbage-first heap   total 262144K, used 190321K [0x0000000701400000, 0x0000000800000000)
  region size 1024K, 154 young (157696K), 1 survivors (1024K)
 Metaspace       used 9204K, capacity 9508K, committed 9728K, reserved 1058816K
  class space    used 884K, capacity 1010K, committed 1024K, reserved 1048576K
}
Event: 61.698 GC heap after
{Heap after GC invocations=12 (full 0):
 garbage-first heap   total 262144K, used 35634K [0x0000000701400000, 0x0000000800000000)
  region size 1024K, 2 young (2048K), 2 survivors (2048K)
 Metaspace       used 9204K, capacity 9508K, committed 9728K, reserved 1058816K
  class space    used 884K, capacity 1010K, committed 1024K, reserved 1048576K
}
Event: 70.251 GC heap before
{Heap before GC invocations=12 (full 0):
 garbage-first heap   total 262144K, used 190258K [0x0000000701400000, 0x0000000800000000)
  region size 1024K, 153 young (156672K), 2 survivors (2048K)
 Metaspace       used 9221K, capacity 9508K, committed 9728K, reserved 1058816K
  class space    used 884K, capacity 1010K, committed 1024K, reserved 1048576K
}
Event: 70.252 GC heap after
{Heap after GC invocations=13 (full 0):
 garbage-first heap   total 262144K, used 36993K [0x0000000701400000, 0x0000000800000000)
  region size 1024K, 4 young (4096K), 4 survivors (4096K)
 Metaspace       used 9221K, capacity 9508K, committed 9728K, reserved 1058816K
  class space    used 884K, capacity 1010K, committed 1024K, reserved 1048576K
}

