# JRE version: Java(TM) SE Runtime Environment (13.0+33) (build 13+33)
# Java VM: Java HotSpot(TM) 64-Bit Server VM (13+33, mixed mode, sharing, tiered, compressed oops, g1 gc, windows-amd64)
Heap:
 garbage-first heap   total 262144K, used 55773K [0x0000000701400000, 0x0000000800000000)
  region size 1024K, 16 young (16384K), 11 survivors (11264K)
 Metaspace       used 9348K, capacity 9604K, committed 9856K, reserved 1058816K
  class space    used 907K, capacity 1042K, committed 1152K, reserved 1048576K
GC Heap History (20 events):
Event: 3.514 GC heap before
{Heap before GC invocations=3 (full 0):
 garbage-first heap   total 262144K, used 51273K [0x0000000701400000, 0x0000000800000000)
  region size 1024K, 12 young (12288K), 2 survivors (2048K)
 Metaspace       used 8997K, capacity 9252K, committed 9472K, reserved 1058816K
  class space    used 877K, capacity 1010K, committed 1024K, reserved 1048576K
}
Event: 3.515 GC heap after
{Heap after GC invocations=4 (full 0):
 garbage-first heap   total 262144K, used 41176K [0x0000000701400000, 0x0000000800000000)
  region size 1024K, 1 young (1024K), 1 survivors (1024K)
 Metaspace       used 8997K, capacity 9252K, committed 9472K, reserved 1058816K
  class space    used 877K, capacity 1010K, committed 1024K, reserved 1048576K
}
Event: 5.778 GC heap before
{Heap before GC invocations=4 (full 0):
 garbage-first heap   total 262144K, used 72920K [0x0000000701400000, 0x0000000800000000)
  region size 1024K, 33 young (33792K), 1 survivors (1024K)
 Metaspace       used 9056K, capacity 9316K, committed 9472K, reserved 1058816K
  class space    used 879K, capacity 1010K, committed 1024K, reserved 1048576K
}
Event: 5.778 GC heap after
{Heap after GC invocations=5 (full 0):
 garbage-first heap   total 262144K, used 41082K [0x0000000701400000, 0x0000000800000000)
  region size 1024K, 1 young (1024K), 1 survivors (1024K)
 Metaspace       used 9056K, capacity 9316K, committed 9472K, reserved 1058816K
  class space    used 879K, capacity 1010K, committed 1024K, reserved 1048576K
}
Event: 10.653 GC heap before
{Heap before GC invocations=5 (full 0):
 garbage-first heap   total 262144K, used 98426K [0x0000000701400000, 0x0000000800000000)
  region size 1024K, 58 young (59392K), 1 survivors (1024K)
 Metaspace       used 9070K, capacity 9380K, committed 9472K, reserved 1058816K
  class space    used 879K, capacity 1010K, committed 1024K, reserved 1048576K
}
Event: 10.653 GC heap after
{Heap after GC invocations=6 (full 0):
 garbage-first heap   total 262144K, used 41075K [0x0000000701400000, 0x0000000800000000)
  region size 1024K, 1 young (1024K), 1 survivors (1024K)
 Metaspace       used 9070K, capacity 9380K, committed 9472K, reserved 1058816K
  class space    used 879K, capacity 1010K, committed 1024K, reserved 1048576K
}
Event: 17.075 GC heap before
{Heap before GC invocations=6 (full 0):
 garbage-first heap   total 262144K, used 137331K [0x0000000701400000, 0x0000000800000000)
  region size 1024K, 95 young (97280K), 1 survivors (1024K)
 Metaspace       used 9118K, capacity 9380K, committed 9472K, reserved 1058816K
  class space    used 880K, capacity 1010K, committed 1024K, reserved 1048576K
}
Event: 17.076 GC heap after
{Heap after GC invocations=7 (full 0):
 garbage-first heap   total 262144K, used 41307K [0x0000000701400000, 0x0000000800000000)
  region size 1024K, 1 young (1024K), 1 survivors (1024K)
 Metaspace       used 9118K, capacity 9380K, committed 9472K, reserved 1058816K
  class space    used 880K, capacity 1010K, committed 1024K, reserved 1048576K
}
Event: 25.126 GC heap before
{Heap before GC invocations=7 (full 0):
 garbage-first heap   total 262144K, used 163163K [0x0000000701400000, 0x0000000800000000)
  region size 1024K, 120 young (122880K), 1 survivors (1024K)
 Metaspace       used 9141K, capacity 9444K, committed 9472K, reserved 1058816K
  class space    used 881K, capacity 1010K, committed 1024K, reserved 1048576K
}
Event: 25.127 GC heap after
{Heap after GC invocations=8 (full 0):
 garbage-first heap   total 262144K, used 41682K [0x0000000701400000, 0x0000000800000000)
  region size 1024K, 2 young (2048K), 2 survivors (2048K)
 Metaspace       used 9141K, capacity 9444K, committed 9472K, reserved 1058816K
  class space    used 881K, capacity 1010K, committed 1024K, reserved 1048576K
}
Event: 32.350 GC heap before
{Heap before GC invocations=8 (full 0):
 garbage-first heap   total 262144K, used 179922K [0x0000000701400000, 0x0000000800000000)
  region size 1024K, 137 young (140288K), 2 survivors (2048K)
 Metaspace       used 9166K, capacity 9444K, committed 9472K, reserved 1058816K
  class space    used 881K, capacity 1010K, committed 1024K, reserved 1048576K
}
Event: 32.351 GC heap after
{Heap after GC invocations=9 (full 0):
 garbage-first heap   total 262144K, used 42986K [0x0000000701400000, 0x0000000800000000)
  region size 1024K, 3 young (3072K), 3 survivors (3072K)
 Metaspace       used 9166K, capacity 9444K, committed 9472K, reserved 1058816K
  class space    used 881K, capacity 1010K, committed 1024K, reserved 1048576K
}
Event: 44.854 GC heap before
{Heap before GC invocations=9 (full 0):
 garbage-first heap   total 262144K, used 195562K [0x0000000701400000, 0x0000000800000000)
  region size 1024K, 153 young (156672K), 3 survivors (3072K)
 Metaspace       used 9287K, capacity 9572K, committed 9728K, reserved 1058816K
  class space    used 900K, capacity 1010K, committed 1024K, reserved 1048576K
}
Event: 44.856 GC heap after
{Heap after GC invocations=10 (full 0):
 garbage-first heap   total 262144K, used 46707K [0x0000000701400000, 0x0000000800000000)
  region size 1024K, 6 young (6144K), 6 survivors (6144K)
 Metaspace       used 9287K, capacity 9572K, committed 9728K, reserved 1058816K
  class space    used 900K, capacity 1010K, committed 1024K, reserved 1048576K
}
Event: 62.839 GC heap before
{Heap before GC invocations=10 (full 0):
 garbage-first heap   total 262144K, used 197235K [0x0000000701400000, 0x0000000800000000)
  region size 1024K, 153 young (156672K), 6 survivors (6144K)
 Metaspace       used 9294K, capacity 9572K, committed 9728K, reserved 1058816K
  class space    used 900K, capacity 1010K, committed 1024K, reserved 1048576K
}
Event: 62.842 GC heap after
{Heap after GC invocations=11 (full 0):
 garbage-first heap   total 262144K, used 48921K [0x0000000701400000, 0x0000000800000000)
  region size 1024K, 9 young (9216K), 9 survivors (9216K)
 Metaspace       used 9294K, capacity 9572K, committed 9728K, reserved 1058816K
  class space    used 900K, capacity 1010K, committed 1024K, reserved 1048576K
}
Event: 79.689 GC heap before
{Heap before GC invocations=11 (full 0):
 garbage-first heap   total 262144K, used 196377K [0x0000000701400000, 0x0000000800000000)
  region size 1024K, 153 young (156672K), 9 survivors (9216K)
 Metaspace       used 9294K, capacity 9572K, committed 9728K, reserved 1058816K
  class space    used 900K, capacity 1010K, committed 1024K, reserved 1048576K
}
Event: 79.691 GC heap after
{Heap after GC invocations=12 (full 0):
 garbage-first heap   total 262144K, used 51265K [0x0000000701400000, 0x0000000800000000)
  region size 1024K, 11 young (11264K), 11 survivors (11264K)
 Metaspace       used 9294K, capacity 9572K, committed 9728K, reserved 1058816K
  class space    used 900K, capacity 1010K, committed 1024K, reserved 1048576K
}
Event: 95.941 GC heap before
{Heap before GC invocations=12 (full 0):
 garbage-first heap   total 262144K, used 196673K [0x0000000701400000, 0x0000000800000000)
  region size 1024K, 153 young (156672K), 11 survivors (11264K)
 Metaspace       used 9330K, capacity 9572K, committed 9728K, reserved 1058816K
  class space    used 903K, capacity 1010K, committed 1024K, reserved 1048576K
}
Event: 95.944 GC heap after
{Heap after GC invocations=13 (full 0):
 garbage-first heap   total 262144K, used 51677K [0x0000000701400000, 0x0000000800000000)
  region size 1024K, 11 young (11264K), 11 survivors (11264K)
 Metaspace       used 9330K, capacity 9572K, committed 9728K, reserved 1058816K
  class space    used 903K, capacity 1010K, committed 1024K, reserved 1048576K
}

