# JRE version: Java(TM) SE Runtime Environment (13.0+33) (build 13+33)
# Java VM: Java HotSpot(TM) 64-Bit Server VM (13+33, mixed mode, sharing, tiered, compressed oops, g1 gc, windows-amd64)
Heap:
 garbage-first heap   total 262144K, used 128195K [0x0000000701400000, 0x0000000800000000)
  region size 1024K, 84 young (86016K), 12 survivors (12288K)
 Metaspace       used 9362K, capacity 9604K, committed 9856K, reserved 1058816K
  class space    used 909K, capacity 1042K, committed 1152K, reserved 1048576K
GC Heap History (20 events):
Event: 1.190 GC heap before
{Heap before GC invocations=1 (full 0):
 garbage-first heap   total 262144K, used 46721K [0x0000000701400000, 0x0000000800000000)
  region size 1024K, 12 young (12288K), 3 survivors (3072K)
 Metaspace       used 8526K, capacity 8802K, committed 8960K, reserved 1056768K
  class space    used 879K, capacity 1010K, committed 1024K, reserved 1048576K
}
Event: 1.203 GC heap after
{Heap after GC invocations=2 (full 0):
 garbage-first heap   total 262144K, used 40015K [0x0000000701400000, 0x0000000800000000)
  region size 1024K, 2 young (2048K), 2 survivors (2048K)
 Metaspace       used 8526K, capacity 8802K, committed 8960K, reserved 1056768K
  class space    used 879K, capacity 1010K, committed 1024K, reserved 1048576K
}
Event: 2.426 GC heap before
{Heap before GC invocations=2 (full 0):
 garbage-first heap   total 262144K, used 50255K [0x0000000701400000, 0x0000000800000000)
  region size 1024K, 13 young (13312K), 2 survivors (2048K)
 Metaspace       used 8963K, capacity 9187K, committed 9216K, reserved 1056768K
  class space    used 885K, capacity 1010K, committed 1024K, reserved 1048576K
}
Event: 2.427 GC heap after
{Heap after GC invocations=3 (full 0):
 garbage-first heap   total 262144K, used 40961K [0x0000000701400000, 0x0000000800000000)
  region size 1024K, 1 young (1024K), 1 survivors (1024K)
 Metaspace       used 8963K, capacity 9187K, committed 9216K, reserved 1056768K
  class space    used 885K, capacity 1010K, committed 1024K, reserved 1048576K
}
Event: 3.678 GC heap before
{Heap before GC invocations=3 (full 0):
 garbage-first heap   total 262144K, used 52225K [0x0000000701400000, 0x0000000800000000)
  region size 1024K, 12 young (12288K), 1 survivors (1024K)
 Metaspace       used 9110K, capacity 9379K, committed 9472K, reserved 1058816K
  class space    used 885K, capacity 1010K, committed 1024K, reserved 1048576K
}
Event: 3.679 GC heap after
{Heap after GC invocations=4 (full 0):
 garbage-first heap   total 262144K, used 41400K [0x0000000701400000, 0x0000000800000000)
  region size 1024K, 1 young (1024K), 1 survivors (1024K)
 Metaspace       used 9110K, capacity 9379K, committed 9472K, reserved 1058816K
  class space    used 885K, capacity 1010K, committed 1024K, reserved 1048576K
}
Event: 6.245 GC heap before
{Heap before GC invocations=4 (full 0):
 garbage-first heap   total 262144K, used 70072K [0x0000000701400000, 0x0000000800000000)
  region size 1024K, 29 young (29696K), 1 survivors (1024K)
 Metaspace       used 9319K, capacity 9572K, committed 9728K, reserved 1058816K
  class space    used 904K, capacity 1010K, committed 1024K, reserved 1048576K
}
Event: 6.246 GC heap after
{Heap after GC invocations=5 (full 0):
 garbage-first heap   total 262144K, used 43300K [0x0000000701400000, 0x0000000800000000)
  region size 1024K, 3 young (3072K), 3 survivors (3072K)
 Metaspace       used 9319K, capacity 9572K, committed 9728K, reserved 1058816K
  class space    used 904K, capacity 1010K, committed 1024K, reserved 1048576K
}
Event: 12.254 GC heap before
{Heap before GC invocations=5 (full 0):
 garbage-first heap   total 262144K, used 89380K [0x0000000701400000, 0x0000000800000000)
  region size 1024K, 49 young (50176K), 3 survivors (3072K)
 Metaspace       used 9339K, capacity 9572K, committed 9728K, reserved 1058816K
  class space    used 904K, capacity 1010K, committed 1024K, reserved 1048576K
}
Event: 12.256 GC heap after
{Heap after GC invocations=6 (full 0):
 garbage-first heap   total 262144K, used 44934K [0x0000000701400000, 0x0000000800000000)
  region size 1024K, 5 young (5120K), 5 survivors (5120K)
 Metaspace       used 9339K, capacity 9572K, committed 9728K, reserved 1058816K
  class space    used 904K, capacity 1010K, committed 1024K, reserved 1048576K
}
Event: 22.988 GC heap before
{Heap before GC invocations=6 (full 0):
 garbage-first heap   total 262144K, used 124806K [0x0000000701400000, 0x0000000800000000)
  region size 1024K, 83 young (84992K), 5 survivors (5120K)
 Metaspace       used 9339K, capacity 9572K, committed 9728K, reserved 1058816K
  class space    used 904K, capacity 1010K, committed 1024K, reserved 1048576K
}
Event: 22.990 GC heap after
{Heap after GC invocations=7 (full 0):
 garbage-first heap   total 262144K, used 46771K [0x0000000701400000, 0x0000000800000000)
  region size 1024K, 7 young (7168K), 7 survivors (7168K)
 Metaspace       used 9339K, capacity 9572K, committed 9728K, reserved 1058816K
  class space    used 904K, capacity 1010K, committed 1024K, reserved 1048576K
}
Event: 39.035 GC heap before
{Heap before GC invocations=7 (full 0):
 garbage-first heap   total 262144K, used 169651K [0x0000000701400000, 0x0000000800000000)
  region size 1024K, 127 young (130048K), 7 survivors (7168K)
 Metaspace       used 9339K, capacity 9572K, committed 9728K, reserved 1058816K
  class space    used 904K, capacity 1010K, committed 1024K, reserved 1048576K
}
Event: 39.038 GC heap after
{Heap after GC invocations=8 (full 0):
 garbage-first heap   total 262144K, used 48569K [0x0000000701400000, 0x0000000800000000)
  region size 1024K, 8 young (8192K), 8 survivors (8192K)
 Metaspace       used 9339K, capacity 9572K, committed 9728K, reserved 1058816K
  class space    used 904K, capacity 1010K, committed 1024K, reserved 1048576K
}
Event: 59.128 GC heap before
{Heap before GC invocations=8 (full 0):
 garbage-first heap   total 262144K, used 197049K [0x0000000701400000, 0x0000000800000000)
  region size 1024K, 153 young (156672K), 8 survivors (8192K)
 Metaspace       used 9344K, capacity 9572K, committed 9728K, reserved 1058816K
  class space    used 905K, capacity 1010K, committed 1024K, reserved 1048576K
}
Event: 59.132 GC heap after
{Heap after GC invocations=9 (full 0):
 garbage-first heap   total 262144K, used 51554K [0x0000000701400000, 0x0000000800000000)
  region size 1024K, 11 young (11264K), 11 survivors (11264K)
 Metaspace       used 9344K, capacity 9572K, committed 9728K, reserved 1058816K
  class space    used 905K, capacity 1010K, committed 1024K, reserved 1048576K
}
Event: 79.543 GC heap before
{Heap before GC invocations=9 (full 0):
 garbage-first heap   total 262144K, used 196962K [0x0000000701400000, 0x0000000800000000)
  region size 1024K, 153 young (156672K), 11 survivors (11264K)
 Metaspace       used 9344K, capacity 9572K, committed 9728K, reserved 1058816K
  class space    used 905K, capacity 1010K, committed 1024K, reserved 1048576K
}
Event: 79.547 GC heap after
{Heap after GC invocations=10 (full 0):
 garbage-first heap   total 262144K, used 53396K [0x0000000701400000, 0x0000000800000000)
  region size 1024K, 13 young (13312K), 13 survivors (13312K)
 Metaspace       used 9344K, capacity 9572K, committed 9728K, reserved 1058816K
  class space    used 905K, capacity 1010K, committed 1024K, reserved 1048576K
}
Event: 99.300 GC heap before
{Heap before GC invocations=10 (full 0):
 garbage-first heap   total 262144K, used 196756K [0x0000000701400000, 0x0000000800000000)
  region size 1024K, 153 young (156672K), 13 survivors (13312K)
 Metaspace       used 9344K, capacity 9572K, committed 9728K, reserved 1058816K
  class space    used 905K, capacity 1010K, committed 1024K, reserved 1048576K
}
Event: 99.305 GC heap after
{Heap after GC invocations=11 (full 0):
 garbage-first heap   total 262144K, used 55491K [0x0000000701400000, 0x0000000800000000)
  region size 1024K, 12 young (12288K), 12 survivors (12288K)
 Metaspace       used 9344K, capacity 9572K, committed 9728K, reserved 1058816K
  class space    used 905K, capacity 1010K, committed 1024K, reserved 1048576K
}

