# JRE version: Java(TM) SE Runtime Environment (13.0+33) (build 13+33)
# Java VM: Java HotSpot(TM) 64-Bit Server VM (13+33, mixed mode, sharing, tiered, compressed oops, g1 gc, windows-amd64)
Heap:
 garbage-first heap   total 262144K, used 194721K [0x0000000701400000, 0x0000000800000000)
  region size 1024K, 132 young (135168K), 13 survivors (13312K)
 Metaspace       used 9457K, capacity 9740K, committed 9856K, reserved 1058816K
  class space    used 914K, capacity 1042K, committed 1152K, reserved 1048576K
GC Heap History (20 events):
Event: 50.009 GC heap before
{Heap before GC invocations=7 (full 0):
 garbage-first heap   total 262144K, used 190900K [0x0000000701400000, 0x0000000800000000)
  region size 1024K, 149 young (152576K), 1 survivors (1024K)
 Metaspace       used 9354K, capacity 9580K, committed 9728K, reserved 1058816K
  class space    used 905K, capacity 1010K, committed 1024K, reserved 1048576K
}
Event: 50.010 GC heap after
{Heap after GC invocations=8 (full 0):
 garbage-first heap   total 262144K, used 39360K [0x0000000701400000, 0x0000000800000000)
  region size 1024K, 1 young (1024K), 1 survivors (1024K)
 Metaspace       used 9354K, capacity 9580K, committed 9728K, reserved 1058816K
  class space    used 905K, capacity 1010K, committed 1024K, reserved 1048576K
}
Event: 68.617 GC heap before
{Heap before GC invocations=8 (full 0):
 garbage-first heap   total 262144K, used 195008K [0x0000000701400000, 0x0000000800000000)
  region size 1024K, 153 young (156672K), 1 survivors (1024K)
 Metaspace       used 9355K, capacity 9580K, committed 9728K, reserved 1058816K
  class space    used 905K, capacity 1010K, committed 1024K, reserved 1048576K
}
Event: 68.617 GC heap after
{Heap after GC invocations=9 (full 0):
 garbage-first heap   total 262144K, used 39368K [0x0000000701400000, 0x0000000800000000)
  region size 1024K, 1 young (1024K), 1 survivors (1024K)
 Metaspace       used 9355K, capacity 9580K, committed 9728K, reserved 1058816K
  class space    used 905K, capacity 1010K, committed 1024K, reserved 1048576K
}
Event: 89.355 GC heap before
{Heap before GC invocations=9 (full 0):
 garbage-first heap   total 262144K, used 195016K [0x0000000701400000, 0x0000000800000000)
  region size 1024K, 154 young (157696K), 1 survivors (1024K)
 Metaspace       used 9356K, capacity 9644K, committed 9728K, reserved 1058816K
  class space    used 906K, capacity 1010K, committed 1024K, reserved 1048576K
}
Event: 89.356 GC heap after
{Heap after GC invocations=10 (full 0):
 garbage-first heap   total 262144K, used 39417K [0x0000000701400000, 0x0000000800000000)
  region size 1024K, 1 young (1024K), 1 survivors (1024K)
 Metaspace       used 9356K, capacity 9644K, committed 9728K, reserved 1058816K
  class space    used 906K, capacity 1010K, committed 1024K, reserved 1048576K
}
Event: 101.052 GC heap before
{Heap before GC invocations=10 (full 0):
 garbage-first heap   total 262144K, used 194041K [0x0000000701400000, 0x0000000800000000)
  region size 1024K, 153 young (156672K), 1 survivors (1024K)
 Metaspace       used 9424K, capacity 9708K, committed 9728K, reserved 1058816K
  class space    used 908K, capacity 1010K, committed 1024K, reserved 1048576K
}
Event: 101.053 GC heap after
{Heap after GC invocations=11 (full 0):
 garbage-first heap   total 262144K, used 41338K [0x0000000701400000, 0x0000000800000000)
  region size 1024K, 3 young (3072K), 3 survivors (3072K)
 Metaspace       used 9424K, capacity 9708K, committed 9728K, reserved 1058816K
  class space    used 908K, capacity 1010K, committed 1024K, reserved 1048576K
}
Event: 112.001 GC heap before
{Heap before GC invocations=11 (full 0):
 garbage-first heap   total 262144K, used 194938K [0x0000000701400000, 0x0000000800000000)
  region size 1024K, 154 young (157696K), 3 survivors (3072K)
 Metaspace       used 9435K, capacity 9708K, committed 9728K, reserved 1058816K
  class space    used 909K, capacity 1010K, committed 1024K, reserved 1048576K
}
Event: 112.003 GC heap after
{Heap after GC invocations=12 (full 0):
 garbage-first heap   total 262144K, used 43806K [0x0000000701400000, 0x0000000800000000)
  region size 1024K, 5 young (5120K), 5 survivors (5120K)
 Metaspace       used 9435K, capacity 9708K, committed 9728K, reserved 1058816K
  class space    used 909K, capacity 1010K, committed 1024K, reserved 1048576K
}
Event: 129.620 GC heap before
{Heap before GC invocations=12 (full 0):
 garbage-first heap   total 262144K, used 195358K [0x0000000701400000, 0x0000000800000000)
  region size 1024K, 154 young (157696K), 5 survivors (5120K)
 Metaspace       used 9437K, capacity 9708K, committed 9728K, reserved 1058816K
  class space    used 910K, capacity 1010K, committed 1024K, reserved 1048576K
}
Event: 129.624 GC heap after
{Heap after GC invocations=13 (full 0):
 garbage-first heap   total 262144K, used 49339K [0x0000000701400000, 0x0000000800000000)
  region size 1024K, 11 young (11264K), 11 survivors (11264K)
 Metaspace       used 9437K, capacity 9708K, committed 9728K, reserved 1058816K
  class space    used 910K, capacity 1010K, committed 1024K, reserved 1048576K
}
Event: 147.308 GC heap before
{Heap before GC invocations=13 (full 0):
 garbage-first heap   total 262144K, used 194747K [0x0000000701400000, 0x0000000800000000)
  region size 1024K, 153 young (156672K), 11 survivors (11264K)
 Metaspace       used 9439K, capacity 9708K, committed 9728K, reserved 1058816K
  class space    used 910K, capacity 1010K, committed 1024K, reserved 1048576K
}
Event: 147.313 GC heap after
{Heap after GC invocations=14 (full 0):
 garbage-first heap   total 262144K, used 54779K [0x0000000701400000, 0x0000000800000000)
  region size 1024K, 16 young (16384K), 16 survivors (16384K)
 Metaspace       used 9439K, capacity 9708K, committed 9728K, reserved 1058816K
  class space    used 910K, capacity 1010K, committed 1024K, reserved 1048576K
}
Event: 160.767 GC heap before
{Heap before GC invocations=14 (full 0):
 garbage-first heap   total 262144K, used 195067K [0x0000000701400000, 0x0000000800000000)
  region size 1024K, 154 young (157696K), 16 survivors (16384K)
 Metaspace       used 9439K, capacity 9708K, committed 9728K, reserved 1058816K
  class space    used 910K, capacity 1010K, committed 1024K, reserved 1048576K
}
Event: 160.774 GC heap after
{Heap after GC invocations=15 (full 0):
 garbage-first heap   total 262144K, used 60687K [0x0000000701400000, 0x0000000800000000)
  region size 1024K, 12 young (12288K), 12 survivors (12288K)
 Metaspace       used 9439K, capacity 9708K, committed 9728K, reserved 1058816K
  class space    used 910K, capacity 1010K, committed 1024K, reserved 1048576K
}
Event: 174.990 GC heap before
{Heap before GC invocations=15 (full 0):
 garbage-first heap   total 262144K, used 205071K [0x0000000701400000, 0x0000000800000000)
  region size 1024K, 153 young (156672K), 12 survivors (12288K)
 Metaspace       used 9440K, capacity 9708K, committed 9728K, reserved 1058816K
  class space    used 910K, capacity 1010K, committed 1024K, reserved 1048576K
}
Event: 174.997 GC heap after
{Heap after GC invocations=16 (full 0):
 garbage-first heap   total 262144K, used 68983K [0x0000000701400000, 0x0000000800000000)
  region size 1024K, 15 young (15360K), 15 survivors (15360K)
 Metaspace       used 9440K, capacity 9708K, committed 9728K, reserved 1058816K
  class space    used 910K, capacity 1010K, committed 1024K, reserved 1048576K
}
Event: 188.214 GC heap before
{Heap before GC invocations=16 (full 0):
 garbage-first heap   total 262144K, used 210295K [0x0000000701400000, 0x0000000800000000)
  region size 1024K, 153 young (156672K), 15 survivors (15360K)
 Metaspace       used 9440K, capacity 9708K, committed 9728K, reserved 1058816K
  class space    used 910K, capacity 1010K, committed 1024K, reserved 1048576K
}
Event: 188.220 GC heap after
{Heap after GC invocations=17 (full 0):
 garbage-first heap   total 262144K, used 73889K [0x0000000701400000, 0x0000000800000000)
  region size 1024K, 13 young (13312K), 13 survivors (13312K)
 Metaspace       used 9440K, capacity 9708K, committed 9728K, reserved 1058816K
  class space    used 910K, capacity 1010K, committed 1024K, reserved 1048576K
}

