# JRE version: Java(TM) SE Runtime Environment (13.0+33) (build 13+33)
# Java VM: Java HotSpot(TM) 64-Bit Server VM (13+33, mixed mode, sharing, tiered, compressed oops, g1 gc, windows-amd64)
Heap:
 garbage-first heap   total 262144K, used 182248K [0x0000000701400000, 0x0000000800000000)
  region size 1024K, 135 young (138240K), 11 survivors (11264K)
 Metaspace       used 9714K, capacity 9996K, committed 10112K, reserved 1058816K
  class space    used 921K, capacity 1042K, committed 1152K, reserved 1048576K
GC Heap History (20 events):
Event: 114.885 GC heap before
{Heap before GC invocations=14 (full 0):
 garbage-first heap   total 262144K, used 197190K [0x0000000701400000, 0x0000000800000000)
  region size 1024K, 153 young (156672K), 4 survivors (4096K)
 Metaspace       used 9632K, capacity 9932K, committed 10112K, reserved 1058816K
  class space    used 916K, capacity 1042K, committed 1152K, reserved 1048576K
}
Event: 114.887 GC heap after
{Heap after GC invocations=15 (full 0):
 garbage-first heap   total 262144K, used 45296K [0x0000000701400000, 0x0000000800000000)
  region size 1024K, 5 young (5120K), 5 survivors (5120K)
 Metaspace       used 9632K, capacity 9932K, committed 10112K, reserved 1058816K
  class space    used 916K, capacity 1042K, committed 1152K, reserved 1048576K
}
Event: 122.120 GC heap before
{Heap before GC invocations=15 (full 0):
 garbage-first heap   total 262144K, used 196848K [0x0000000701400000, 0x0000000800000000)
  region size 1024K, 154 young (157696K), 5 survivors (5120K)
 Metaspace       used 9650K, capacity 9932K, committed 10112K, reserved 1058816K
  class space    used 917K, capacity 1042K, committed 1152K, reserved 1048576K
}
Event: 122.121 GC heap after
{Heap after GC invocations=16 (full 0):
 garbage-first heap   total 262144K, used 45873K [0x0000000701400000, 0x0000000800000000)
  region size 1024K, 5 young (5120K), 5 survivors (5120K)
 Metaspace       used 9650K, capacity 9932K, committed 10112K, reserved 1058816K
  class space    used 917K, capacity 1042K, committed 1152K, reserved 1048576K
}
Event: 131.610 GC heap before
{Heap before GC invocations=16 (full 0):
 garbage-first heap   total 262144K, used 197425K [0x0000000701400000, 0x0000000800000000)
  region size 1024K, 154 young (157696K), 5 survivors (5120K)
 Metaspace       used 9650K, capacity 9932K, committed 10112K, reserved 1058816K
  class space    used 917K, capacity 1042K, committed 1152K, reserved 1048576K
}
Event: 131.612 GC heap after
{Heap after GC invocations=17 (full 0):
 garbage-first heap   total 262144K, used 45873K [0x0000000701400000, 0x0000000800000000)
  region size 1024K, 5 young (5120K), 5 survivors (5120K)
 Metaspace       used 9650K, capacity 9932K, committed 10112K, reserved 1058816K
  class space    used 917K, capacity 1042K, committed 1152K, reserved 1048576K
}
Event: 141.517 GC heap before
{Heap before GC invocations=17 (full 0):
 garbage-first heap   total 262144K, used 197425K [0x0000000701400000, 0x0000000800000000)
  region size 1024K, 153 young (156672K), 5 survivors (5120K)
 Metaspace       used 9659K, capacity 9932K, committed 10112K, reserved 1058816K
  class space    used 917K, capacity 1042K, committed 1152K, reserved 1048576K
}
Event: 141.519 GC heap after
{Heap after GC invocations=18 (full 0):
 garbage-first heap   total 262144K, used 47121K [0x0000000701400000, 0x0000000800000000)
  region size 1024K, 7 young (7168K), 7 survivors (7168K)
 Metaspace       used 9659K, capacity 9932K, committed 10112K, reserved 1058816K
  class space    used 917K, capacity 1042K, committed 1152K, reserved 1048576K
}
Event: 150.514 GC heap before
{Heap before GC invocations=18 (full 0):
 garbage-first heap   total 262144K, used 196625K [0x0000000701400000, 0x0000000800000000)
  region size 1024K, 153 young (156672K), 7 survivors (7168K)
 Metaspace       used 9660K, capacity 9932K, committed 10112K, reserved 1058816K
  class space    used 917K, capacity 1042K, committed 1152K, reserved 1048576K
}
Event: 150.516 GC heap after
{Heap after GC invocations=19 (full 0):
 garbage-first heap   total 262144K, used 48707K [0x0000000701400000, 0x0000000800000000)
  region size 1024K, 8 young (8192K), 8 survivors (8192K)
 Metaspace       used 9660K, capacity 9932K, committed 10112K, reserved 1058816K
  class space    used 917K, capacity 1042K, committed 1152K, reserved 1048576K
}
Event: 159.990 GC heap before
{Heap before GC invocations=19 (full 0):
 garbage-first heap   total 262144K, used 197187K [0x0000000701400000, 0x0000000800000000)
  region size 1024K, 153 young (156672K), 8 survivors (8192K)
 Metaspace       used 9661K, capacity 9932K, committed 10112K, reserved 1058816K
  class space    used 917K, capacity 1042K, committed 1152K, reserved 1048576K
}
Event: 159.993 GC heap after
{Heap after GC invocations=20 (full 0):
 garbage-first heap   total 262144K, used 51413K [0x0000000701400000, 0x0000000800000000)
  region size 1024K, 11 young (11264K), 11 survivors (11264K)
 Metaspace       used 9661K, capacity 9932K, committed 10112K, reserved 1058816K
  class space    used 917K, capacity 1042K, committed 1152K, reserved 1048576K
}
Event: 168.453 GC heap before
{Heap before GC invocations=20 (full 0):
 garbage-first heap   total 262144K, used 196821K [0x0000000701400000, 0x0000000800000000)
  region size 1024K, 153 young (156672K), 11 survivors (11264K)
 Metaspace       used 9661K, capacity 9932K, committed 10112K, reserved 1058816K
  class space    used 917K, capacity 1042K, committed 1152K, reserved 1048576K
}
Event: 168.456 GC heap after
{Heap after GC invocations=21 (full 0):
 garbage-first heap   total 262144K, used 53129K [0x0000000701400000, 0x0000000800000000)
  region size 1024K, 12 young (12288K), 12 survivors (12288K)
 Metaspace       used 9661K, capacity 9932K, committed 10112K, reserved 1058816K
  class space    used 917K, capacity 1042K, committed 1152K, reserved 1048576K
}
Event: 177.441 GC heap before
{Heap before GC invocations=21 (full 0):
 garbage-first heap   total 262144K, used 197513K [0x0000000701400000, 0x0000000800000000)
  region size 1024K, 154 young (157696K), 12 survivors (12288K)
 Metaspace       used 9663K, capacity 9932K, committed 10112K, reserved 1058816K
  class space    used 917K, capacity 1042K, committed 1152K, reserved 1048576K
}
Event: 177.444 GC heap after
{Heap after GC invocations=22 (full 0):
 garbage-first heap   total 262144K, used 53751K [0x0000000701400000, 0x0000000800000000)
  region size 1024K, 11 young (11264K), 11 survivors (11264K)
 Metaspace       used 9663K, capacity 9932K, committed 10112K, reserved 1058816K
  class space    used 917K, capacity 1042K, committed 1152K, reserved 1048576K
}
Event: 184.591 GC heap before
{Heap before GC invocations=22 (full 0):
 garbage-first heap   total 262144K, used 199159K [0x0000000701400000, 0x0000000800000000)
  region size 1024K, 153 young (156672K), 11 survivors (11264K)
 Metaspace       used 9695K, capacity 9996K, committed 10112K, reserved 1058816K
  class space    used 917K, capacity 1042K, committed 1152K, reserved 1048576K
}
Event: 184.595 GC heap after
{Heap after GC invocations=23 (full 0):
 garbage-first heap   total 262144K, used 56008K [0x0000000701400000, 0x0000000800000000)
  region size 1024K, 13 young (13312K), 13 survivors (13312K)
 Metaspace       used 9695K, capacity 9996K, committed 10112K, reserved 1058816K
  class space    used 917K, capacity 1042K, committed 1152K, reserved 1048576K
}
Event: 191.700 GC heap before
{Heap before GC invocations=23 (full 0):
 garbage-first heap   total 262144K, used 199368K [0x0000000701400000, 0x0000000800000000)
  region size 1024K, 153 young (156672K), 13 survivors (13312K)
 Metaspace       used 9698K, capacity 9996K, committed 10112K, reserved 1058816K
  class space    used 917K, capacity 1042K, committed 1152K, reserved 1048576K
}
Event: 191.704 GC heap after
{Heap after GC invocations=24 (full 0):
 garbage-first heap   total 262144K, used 56296K [0x0000000701400000, 0x0000000800000000)
  region size 1024K, 11 young (11264K), 11 survivors (11264K)
 Metaspace       used 9698K, capacity 9996K, committed 10112K, reserved 1058816K
  class space    used 917K, capacity 1042K, committed 1152K, reserved 1048576K
}

