# JRE version: Java(TM) SE Runtime Environment (13.0+33) (build 13+33)
# Java VM: Java HotSpot(TM) 64-Bit Server VM (13+33, mixed mode, sharing, tiered, compressed oops, g1 gc, windows-amd64)
Heap:
 garbage-first heap   total 262144K, used 149902K [0x0000000701400000, 0x0000000800000000)
  region size 1024K, 115 young (117760K), 8 survivors (8192K)
 Metaspace       used 9241K, capacity 9508K, committed 9728K, reserved 1058816K
  class space    used 887K, capacity 1010K, committed 1024K, reserved 1048576K
GC Heap History (20 events):
Event: 1.483 GC heap before
{Heap before GC invocations=1 (full 0):
 garbage-first heap   total 262144K, used 44030K [0x0000000701400000, 0x0000000800000000)
  region size 1024K, 12 young (12288K), 3 survivors (3072K)
 Metaspace       used 8553K, capacity 8866K, committed 8960K, reserved 1056768K
  class space    used 873K, capacity 1010K, committed 1024K, reserved 1048576K
}
Event: 1.494 GC heap after
{Heap after GC invocations=2 (full 0):
 garbage-first heap   total 262144K, used 34648K [0x0000000701400000, 0x0000000800000000)
  region size 1024K, 1 young (1024K), 1 survivors (1024K)
 Metaspace       used 8553K, capacity 8866K, committed 8960K, reserved 1056768K
  class space    used 873K, capacity 1010K, committed 1024K, reserved 1048576K
}
Event: 2.606 GC heap before
{Heap before GC invocations=2 (full 0):
 garbage-first heap   total 262144K, used 45912K [0x0000000701400000, 0x0000000800000000)
  region size 1024K, 13 young (13312K), 1 survivors (1024K)
 Metaspace       used 8935K, capacity 9187K, committed 9216K, reserved 1056768K
  class space    used 880K, capacity 1010K, committed 1024K, reserved 1048576K
}
Event: 2.606 GC heap after
{Heap after GC invocations=3 (full 0):
 garbage-first heap   total 262144K, used 34346K [0x0000000701400000, 0x0000000800000000)
  region size 1024K, 1 young (1024K), 1 survivors (1024K)
 Metaspace       used 8935K, capacity 9187K, committed 9216K, reserved 1056768K
  class space    used 880K, capacity 1010K, committed 1024K, reserved 1048576K
}
Event: 4.454 GC heap before
{Heap before GC invocations=3 (full 0):
 garbage-first heap   total 262144K, used 51754K [0x0000000701400000, 0x0000000800000000)
  region size 1024K, 18 young (18432K), 1 survivors (1024K)
 Metaspace       used 9043K, capacity 9252K, committed 9472K, reserved 1058816K
  class space    used 880K, capacity 1010K, committed 1024K, reserved 1048576K
}
Event: 4.454 GC heap after
{Heap after GC invocations=4 (full 0):
 garbage-first heap   total 262144K, used 34322K [0x0000000701400000, 0x0000000800000000)
  region size 1024K, 1 young (1024K), 1 survivors (1024K)
 Metaspace       used 9043K, capacity 9252K, committed 9472K, reserved 1058816K
  class space    used 880K, capacity 1010K, committed 1024K, reserved 1048576K
}
Event: 8.298 GC heap before
{Heap before GC invocations=4 (full 0):
 garbage-first heap   total 262144K, used 75282K [0x0000000701400000, 0x0000000800000000)
  region size 1024K, 41 young (41984K), 1 survivors (1024K)
 Metaspace       used 9179K, capacity 9444K, committed 9472K, reserved 1058816K
  class space    used 883K, capacity 1010K, committed 1024K, reserved 1048576K
}
Event: 8.299 GC heap after
{Heap after GC invocations=5 (full 0):
 garbage-first heap   total 262144K, used 34642K [0x0000000701400000, 0x0000000800000000)
  region size 1024K, 1 young (1024K), 1 survivors (1024K)
 Metaspace       used 9179K, capacity 9444K, committed 9472K, reserved 1058816K
  class space    used 883K, capacity 1010K, committed 1024K, reserved 1048576K
}
Event: 13.299 GC heap before
{Heap before GC invocations=5 (full 0):
 garbage-first heap   total 262144K, used 99154K [0x0000000701400000, 0x0000000800000000)
  region size 1024K, 65 young (66560K), 1 survivors (1024K)
 Metaspace       used 9187K, capacity 9444K, committed 9472K, reserved 1058816K
  class space    used 883K, capacity 1010K, committed 1024K, reserved 1048576K
}
Event: 13.300 GC heap after
{Heap after GC invocations=6 (full 0):
 garbage-first heap   total 262144K, used 34761K [0x0000000701400000, 0x0000000800000000)
  region size 1024K, 1 young (1024K), 1 survivors (1024K)
 Metaspace       used 9187K, capacity 9444K, committed 9472K, reserved 1058816K
  class space    used 883K, capacity 1010K, committed 1024K, reserved 1048576K
}
Event: 18.787 GC heap before
{Heap before GC invocations=6 (full 0):
 garbage-first heap   total 262144K, used 135113K [0x0000000701400000, 0x0000000800000000)
  region size 1024K, 99 young (101376K), 1 survivors (1024K)
 Metaspace       used 9209K, capacity 9508K, committed 9728K, reserved 1058816K
  class space    used 883K, capacity 1010K, committed 1024K, reserved 1048576K
}
Event: 18.787 GC heap after
{Heap after GC invocations=7 (full 0):
 garbage-first heap   total 262144K, used 35392K [0x0000000701400000, 0x0000000800000000)
  region size 1024K, 2 young (2048K), 2 survivors (2048K)
 Metaspace       used 9209K, capacity 9508K, committed 9728K, reserved 1058816K
  class space    used 883K, capacity 1010K, committed 1024K, reserved 1048576K
}
Event: 28.070 GC heap before
{Heap before GC invocations=7 (full 0):
 garbage-first heap   total 262144K, used 159296K [0x0000000701400000, 0x0000000800000000)
  region size 1024K, 123 young (125952K), 2 survivors (2048K)
 Metaspace       used 9212K, capacity 9508K, committed 9728K, reserved 1058816K
  class space    used 884K, capacity 1010K, committed 1024K, reserved 1048576K
}
Event: 28.071 GC heap after
{Heap after GC invocations=8 (full 0):
 garbage-first heap   total 262144K, used 35497K [0x0000000701400000, 0x0000000800000000)
  region size 1024K, 2 young (2048K), 2 survivors (2048K)
 Metaspace       used 9212K, capacity 9508K, committed 9728K, reserved 1058816K
  class space    used 884K, capacity 1010K, committed 1024K, reserved 1048576K
}
Event: 34.991 GC heap before
{Heap before GC invocations=8 (full 0):
 garbage-first heap   total 262144K, used 176809K [0x0000000701400000, 0x0000000800000000)
  region size 1024K, 140 young (143360K), 2 survivors (2048K)
 Metaspace       used 9218K, capacity 9508K, committed 9728K, reserved 1058816K
  class space    used 884K, capacity 1010K, committed 1024K, reserved 1048576K
}
Event: 34.992 GC heap after
{Heap after GC invocations=9 (full 0):
 garbage-first heap   total 262144K, used 36553K [0x0000000701400000, 0x0000000800000000)
  region size 1024K, 3 young (3072K), 3 survivors (3072K)
 Metaspace       used 9218K, capacity 9508K, committed 9728K, reserved 1058816K
  class space    used 884K, capacity 1010K, committed 1024K, reserved 1048576K
}
Event: 42.255 GC heap before
{Heap before GC invocations=9 (full 0):
 garbage-first heap   total 262144K, used 190153K [0x0000000701400000, 0x0000000800000000)
  region size 1024K, 154 young (157696K), 3 survivors (3072K)
 Metaspace       used 9222K, capacity 9508K, committed 9728K, reserved 1058816K
  class space    used 884K, capacity 1010K, committed 1024K, reserved 1048576K
}
Event: 42.257 GC heap after
{Heap after GC invocations=10 (full 0):
 garbage-first heap   total 262144K, used 38360K [0x0000000701400000, 0x0000000800000000)
  region size 1024K, 5 young (5120K), 5 survivors (5120K)
 Metaspace       used 9222K, capacity 9508K, committed 9728K, reserved 1058816K
  class space    used 884K, capacity 1010K, committed 1024K, reserved 1048576K
}
Event: 50.265 GC heap before
{Heap before GC invocations=10 (full 0):
 garbage-first heap   total 262144K, used 188888K [0x0000000701400000, 0x0000000800000000)
  region size 1024K, 153 young (156672K), 5 survivors (5120K)
 Metaspace       used 9223K, capacity 9508K, committed 9728K, reserved 1058816K
  class space    used 884K, capacity 1010K, committed 1024K, reserved 1048576K
}
Event: 50.267 GC heap after
{Heap after GC invocations=11 (full 0):
 garbage-first heap   total 262144K, used 41358K [0x0000000701400000, 0x0000000800000000)
  region size 1024K, 8 young (8192K), 8 survivors (8192K)
 Metaspace       used 9223K, capacity 9508K, committed 9728K, reserved 1058816K
  class space    used 884K, capacity 1010K, committed 1024K, reserved 1048576K
}

