# JRE version: Java(TM) SE Runtime Environment (13.0+33) (build 13+33)
# Java VM: Java HotSpot(TM) 64-Bit Server VM (13+33, mixed mode, sharing, tiered, compressed oops, g1 gc, windows-amd64)
Heap:
 garbage-first heap   total 262144K, used 80452K [0x0000000701400000, 0x0000000800000000)
  region size 1024K, 47 young (48128K), 3 survivors (3072K)
 Metaspace       used 9249K, capacity 9508K, committed 9728K, reserved 1058816K
  class space    used 901K, capacity 1010K, committed 1024K, reserved 1048576K
GC Heap History (16 events):
Event: 0.650 GC heap before
{Heap before GC invocations=0 (full 0):
 garbage-first heap   total 262144K, used 39936K [0x0000000701400000, 0x0000000800000000)
  region size 1024K, 24 young (24576K), 0 survivors (0K)
 Metaspace       used 7416K, capacity 7675K, committed 7936K, reserved 1056768K
  class space    used 839K, capacity 977K, committed 1024K, reserved 1048576K
}
Event: 0.664 GC heap after
{Heap after GC invocations=1 (full 0):
 garbage-first heap   total 262144K, used 33945K [0x0000000701400000, 0x0000000800000000)
  region size 1024K, 3 young (3072K), 3 survivors (3072K)
 Metaspace       used 7416K, capacity 7675K, committed 7936K, reserved 1056768K
  class space    used 839K, capacity 977K, committed 1024K, reserved 1048576K
}
Event: 1.563 GC heap before
{Heap before GC invocations=1 (full 0):
 garbage-first heap   total 262144K, used 44185K [0x0000000701400000, 0x0000000800000000)
  region size 1024K, 12 young (12288K), 3 survivors (3072K)
 Metaspace       used 8409K, capacity 8738K, committed 8960K, reserved 1056768K
  class space    used 875K, capacity 1010K, committed 1024K, reserved 1048576K
}
Event: 1.571 GC heap after
{Heap after GC invocations=2 (full 0):
 garbage-first heap   total 262144K, used 35188K [0x0000000701400000, 0x0000000800000000)
  region size 1024K, 1 young (1024K), 1 survivors (1024K)
 Metaspace       used 8409K, capacity 8738K, committed 8960K, reserved 1056768K
  class space    used 875K, capacity 1010K, committed 1024K, reserved 1048576K
}
Event: 2.741 GC heap before
{Heap before GC invocations=2 (full 0):
 garbage-first heap   total 262144K, used 46452K [0x0000000701400000, 0x0000000800000000)
  region size 1024K, 12 young (12288K), 1 survivors (1024K)
 Metaspace       used 8842K, capacity 9123K, committed 9216K, reserved 1056768K
  class space    used 893K, capacity 1010K, committed 1024K, reserved 1048576K
}
Event: 2.742 GC heap after
{Heap after GC invocations=3 (full 0):
 garbage-first heap   total 262144K, used 34930K [0x0000000701400000, 0x0000000800000000)
  region size 1024K, 1 young (1024K), 1 survivors (1024K)
 Metaspace       used 8842K, capacity 9123K, committed 9216K, reserved 1056768K
  class space    used 893K, capacity 1010K, committed 1024K, reserved 1048576K
}
Event: 4.662 GC heap before
{Heap before GC invocations=3 (full 0):
 garbage-first heap   total 262144K, used 52338K [0x0000000701400000, 0x0000000800000000)
  region size 1024K, 18 young (18432K), 1 survivors (1024K)
 Metaspace       used 8977K, capacity 9251K, committed 9472K, reserved 1058816K
  class space    used 894K, capacity 1010K, committed 1024K, reserved 1048576K
}
Event: 4.663 GC heap after
{Heap after GC invocations=4 (full 0):
 garbage-first heap   total 262144K, used 34895K [0x0000000701400000, 0x0000000800000000)
  region size 1024K, 1 young (1024K), 1 survivors (1024K)
 Metaspace       used 8977K, capacity 9251K, committed 9472K, reserved 1058816K
  class space    used 894K, capacity 1010K, committed 1024K, reserved 1048576K
}
Event: 9.218 GC heap before
{Heap before GC invocations=4 (full 0):
 garbage-first heap   total 262144K, used 75855K [0x0000000701400000, 0x0000000800000000)
  region size 1024K, 41 young (41984K), 1 survivors (1024K)
 Metaspace       used 9187K, capacity 9444K, committed 9472K, reserved 1058816K
  class space    used 896K, capacity 1010K, committed 1024K, reserved 1048576K
}
Event: 9.219 GC heap after
{Heap after GC invocations=5 (full 0):
 garbage-first heap   total 262144K, used 35849K [0x0000000701400000, 0x0000000800000000)
  region size 1024K, 2 young (2048K), 2 survivors (2048K)
 Metaspace       used 9187K, capacity 9444K, committed 9472K, reserved 1058816K
  class space    used 896K, capacity 1010K, committed 1024K, reserved 1048576K
}
Event: 15.064 GC heap before
{Heap before GC invocations=5 (full 0):
 garbage-first heap   total 262144K, used 100361K [0x0000000701400000, 0x0000000800000000)
  region size 1024K, 66 young (67584K), 2 survivors (2048K)
 Metaspace       used 9222K, capacity 9444K, committed 9472K, reserved 1058816K
  class space    used 896K, capacity 1010K, committed 1024K, reserved 1048576K
}
Event: 15.065 GC heap after
{Heap after GC invocations=6 (full 0):
 garbage-first heap   total 262144K, used 35834K [0x0000000701400000, 0x0000000800000000)
  region size 1024K, 2 young (2048K), 2 survivors (2048K)
 Metaspace       used 9222K, capacity 9444K, committed 9472K, reserved 1058816K
  class space    used 896K, capacity 1010K, committed 1024K, reserved 1048576K
}
Event: 24.375 GC heap before
{Heap before GC invocations=6 (full 0):
 garbage-first heap   total 262144K, used 135162K [0x0000000701400000, 0x0000000800000000)
  region size 1024K, 99 young (101376K), 2 survivors (2048K)
 Metaspace       used 9233K, capacity 9444K, committed 9472K, reserved 1058816K
  class space    used 897K, capacity 1010K, committed 1024K, reserved 1048576K
}
Event: 24.376 GC heap after
{Heap after GC invocations=7 (full 0):
 garbage-first heap   total 262144K, used 35879K [0x0000000701400000, 0x0000000800000000)
  region size 1024K, 2 young (2048K), 2 survivors (2048K)
 Metaspace       used 9233K, capacity 9444K, committed 9472K, reserved 1058816K
  class space    used 897K, capacity 1010K, committed 1024K, reserved 1048576K
}
Event: 37.143 GC heap before
{Heap before GC invocations=7 (full 0):
 garbage-first heap   total 262144K, used 161831K [0x0000000701400000, 0x0000000800000000)
  region size 1024K, 125 young (128000K), 2 survivors (2048K)
 Metaspace       used 9233K, capacity 9444K, committed 9472K, reserved 1058816K
  class space    used 897K, capacity 1010K, committed 1024K, reserved 1048576K
}
Event: 37.144 GC heap after
{Heap after GC invocations=8 (full 0):
 garbage-first heap   total 262144K, used 36420K [0x0000000701400000, 0x0000000800000000)
  region size 1024K, 3 young (3072K), 3 survivors (3072K)
 Metaspace       used 9233K, capacity 9444K, committed 9472K, reserved 1058816K
  class space    used 897K, capacity 1010K, committed 1024K, reserved 1048576K
}

